<?xml version="1.0" encoding="UTF-8"?>
<!-- Generated by org.testng.reporters.JUnitXMLReporter -->
<testsuite hostname="EREV332-PC" name="Demo Test" tests="48" failures="47" timestamp="21 Oct 2014 05:14:42 GMT" time="206.071" errors="0">
  <testcase name="Dashboardtest" time="0.09" classname="com.erevmax.selenium.RTAdmin.Test_TC01_Dashboard"/>
  <testcase name="countryajaxtest" time="53.832" classname="com.erevmax.selenium.RTAdmin.Test_TC02_SearchHotelpage">
    <failure type="org.openqa.selenium.TimeoutException" message="Timed out after 50 seconds waiting for visibility of element located by By.xpath: .//*[@id=&amp;apos;selectCountry&amp;apos;]/option[1]
Build info: version: &amp;apos;2.42.2&amp;apos;, revision: &amp;apos;6a6995d31c7c56c340d6f45a76976d43506cd6cc&amp;apos;, time: &amp;apos;2014-06-03 10:52:47&amp;apos;
System info: host: &amp;apos;EREV332-PC&amp;apos;, ip: &amp;apos;192.168.201.119&amp;apos;, os.name: &amp;apos;Windows 7&amp;apos;, os.arch: &amp;apos;amd64&amp;apos;, os.version: &amp;apos;6.1&amp;apos;, java.version: &amp;apos;1.7.0_60&amp;apos;
Driver info: driver.version: unknown">
      <![CDATA[org.openqa.selenium.TimeoutException: Timed out after 50 seconds waiting for visibility of element located by By.xpath: .//*[@id='selectCountry']/option[1]
Build info: version: '2.42.2', revision: '6a6995d31c7c56c340d6f45a76976d43506cd6cc', time: '2014-06-03 10:52:47'
System info: host: 'EREV332-PC', ip: '192.168.201.119', os.name: 'Windows 7', os.arch: 'amd64', os.version: '6.1', java.version: '1.7.0_60'
Driver info: driver.version: unknown
	at org.openqa.selenium.support.ui.FluentWait.timeoutException(FluentWait.java:259)
	at org.openqa.selenium.support.ui.FluentWait.until(FluentWait.java:228)
	at com.erevmax.mysample.Sample.SeleniumImplementation.autoSelectFromAjaxList(SeleniumImplementation.java:399)
	at com.erevmax.selenium.RTAdmin.Test_TC02_SearchHotelpage.countryajaxtest(Test_TC02_SearchHotelpage.java:60)
Caused by: org.openqa.selenium.NoSuchElementException: Unable to locate element: {"method":"xpath","selector":".//*[@id='selectCountry']/option[1]"}
Command duration or timeout: 10.11 seconds
For documentation on this error, please visit: http://seleniumhq.org/exceptions/no_such_element.html
Build info: version: '2.42.2', revision: '6a6995d31c7c56c340d6f45a76976d43506cd6cc', time: '2014-06-03 10:52:47'
System info: host: 'EREV332-PC', ip: '192.168.201.119', os.name: 'Windows 7', os.arch: 'amd64', os.version: '6.1', java.version: '1.7.0_60'
Session ID: e53ae464-ba0c-456b-b619-3bb1dd4c489e
Driver info: org.openqa.selenium.firefox.FirefoxDriver
Capabilities [{platform=XP, databaseEnabled=true, cssSelectorsEnabled=true, javascriptEnabled=true, acceptSslCerts=true, handlesAlerts=true, browserName=firefox, webStorageEnabled=true, nativeEvents=false, rotatable=false, locationContextEnabled=true, applicationCacheEnabled=true, takesScreenshot=true, version=31.0}]
	at org.openqa.selenium.remote.ErrorHandler.createThrowable(ErrorHandler.java:204)
	at org.openqa.selenium.remote.ErrorHandler.throwIfResponseFailed(ErrorHandler.java:156)
	at org.openqa.selenium.remote.RemoteWebDriver.execute(RemoteWebDriver.java:599)
	at org.openqa.selenium.remote.RemoteWebDriver.findElement(RemoteWebDriver.java:352)
	at org.openqa.selenium.remote.RemoteWebDriver.findElementByXPath(RemoteWebDriver.java:449)
	at org.openqa.selenium.By$ByXPath.findElement(By.java:357)
	at org.openqa.selenium.remote.RemoteWebDriver.findElement(RemoteWebDriver.java:344)
	at org.openqa.selenium.support.ui.ExpectedConditions.findElement(ExpectedConditions.java:730)
	at org.openqa.selenium.support.ui.ExpectedConditions.access$000(ExpectedConditions.java:39)
	at org.openqa.selenium.support.ui.ExpectedConditions$4.apply(ExpectedConditions.java:130)
	at org.openqa.selenium.support.ui.ExpectedConditions$4.apply(ExpectedConditions.java:126)
	at org.openqa.selenium.support.ui.FluentWait.until(FluentWait.java:208)
	... 26 more
Caused by: org.openqa.selenium.remote.ErrorHandler$UnknownServerException: Unable to locate element: {"method":"xpath","selector":".//*[@id='selectCountry']/option[1]"}
Build info: version: '2.42.2', revision: '6a6995d31c7c56c340d6f45a76976d43506cd6cc', time: '2014-06-03 10:52:47'
System info: host: 'EREV332-PC', ip: '192.168.201.119', os.name: 'Windows 7', os.arch: 'amd64', os.version: '6.1', java.version: '1.7.0_60'
Driver info: driver.version: unknown
	at <anonymous class>.FirefoxDriver.prototype.findElementInternal_(file:///C:/Users/shubhamp/AppData/Local/Temp/anonymous6251771443710751550webdriver-profile/extensions/fxdriver@googlecode.com/components/driver_component.js:9470:133)
	at <anonymous class>.fxdriver.Timer.prototype.setTimeout/<.notify(file:///C:/Users/shubhamp/AppData/Local/Temp/anonymous6251771443710751550webdriver-profile/extensions/fxdriver@googlecode.com/components/driver_component.js:407:5)
... Removed 28 stack frames]]>
    </failure>
  </testcase> <!-- countryajaxtest -->
  <testcase name="cityajaxtest" time="2.001" classname="com.erevmax.selenium.RTAdmin.Test_TC02_SearchHotelpage">
    <failure type="org.openqa.selenium.remote.UnreachableBrowserException" message="Error communicating with the remote browser. It may have died.
Build info: version: &amp;apos;2.42.2&amp;apos;, revision: &amp;apos;6a6995d31c7c56c340d6f45a76976d43506cd6cc&amp;apos;, time: &amp;apos;2014-06-03 10:52:47&amp;apos;
System info: host: &amp;apos;EREV332-PC&amp;apos;, ip: &amp;apos;192.168.201.119&amp;apos;, os.name: &amp;apos;Windows 7&amp;apos;, os.arch: &amp;apos;amd64&amp;apos;, os.version: &amp;apos;6.1&amp;apos;, java.version: &amp;apos;1.7.0_60&amp;apos;
Driver info: driver.version: FirefoxDriver">
      <![CDATA[org.openqa.selenium.remote.UnreachableBrowserException: Error communicating with the remote browser. It may have died.
Build info: version: '2.42.2', revision: '6a6995d31c7c56c340d6f45a76976d43506cd6cc', time: '2014-06-03 10:52:47'
System info: host: 'EREV332-PC', ip: '192.168.201.119', os.name: 'Windows 7', os.arch: 'amd64', os.version: '6.1', java.version: '1.7.0_60'
Driver info: driver.version: FirefoxDriver
	at org.openqa.selenium.remote.RemoteWebDriver.execute(RemoteWebDriver.java:593)
	at org.openqa.selenium.remote.RemoteWebDriver.execute(RemoteWebDriver.java:614)
	at org.openqa.selenium.firefox.FirefoxDriver.getScreenshotAs(FirefoxDriver.java:323)
	at com.erevmax.selenium.RTAdmin.Test_TC02_SearchHotelpage.cityajaxtest(Test_TC02_SearchHotelpage.java:92)
Caused by: org.apache.http.conn.HttpHostConnectException: Connect to 127.0.0.1:7055 [/127.0.0.1] failed: Connection refused: connect
	at org.apache.http.impl.conn.HttpClientConnectionOperator.connect(HttpClientConnectionOperator.java:138)
	at org.apache.http.impl.conn.PoolingHttpClientConnectionManager.connect(PoolingHttpClientConnectionManager.java:314)
	at org.apache.http.impl.execchain.MainClientExec.establishRoute(MainClientExec.java:363)
	at org.apache.http.impl.execchain.MainClientExec.execute(MainClientExec.java:219)
	at org.apache.http.impl.execchain.ProtocolExec.execute(ProtocolExec.java:195)
	at org.apache.http.impl.execchain.RetryExec.execute(RetryExec.java:85)
	at org.apache.http.impl.execchain.RedirectExec.execute(RedirectExec.java:108)
	at org.apache.http.impl.client.InternalHttpClient.doExecute(InternalHttpClient.java:186)
	at org.apache.http.impl.client.CloseableHttpClient.execute(CloseableHttpClient.java:72)
	at org.apache.http.impl.client.CloseableHttpClient.execute(CloseableHttpClient.java:57)
	at org.openqa.selenium.remote.HttpCommandExecutor.fallBackExecute(HttpCommandExecutor.java:204)
	at org.openqa.selenium.remote.HttpCommandExecutor.execute(HttpCommandExecutor.java:173)
	at org.openqa.selenium.firefox.internal.NewProfileExtensionConnection.execute(NewProfileExtensionConnection.java:165)
	at org.openqa.selenium.firefox.FirefoxDriver$LazyCommandExecutor.execute(FirefoxDriver.java:362)
	at org.openqa.selenium.remote.RemoteWebDriver.execute(RemoteWebDriver.java:572)
	... 27 more
Caused by: java.net.ConnectException: Connection refused: connect
	at java.net.DualStackPlainSocketImpl.waitForConnect(Native Method)
	at java.net.DualStackPlainSocketImpl.socketConnect(Unknown Source)
	at java.net.AbstractPlainSocketImpl.doConnect(Unknown Source)
	at java.net.AbstractPlainSocketImpl.connectToAddress(Unknown Source)
	at java.net.AbstractPlainSocketImpl.connect(Unknown Source)
	at java.net.PlainSocketImpl.connect(Unknown Source)
	at java.net.SocksSocketImpl.connect(Unknown Source)
	at java.net.Socket.connect(Unknown Source)
	at org.apache.http.conn.socket.PlainConnectionSocketFactory.connectSocket(PlainConnectionSocketFactory.java:72)
	at org.apache.http.impl.conn.HttpClientConnectionOperator.connect(HttpClientConnectionOperator.java:118)
	... 41 more
... Removed 24 stack frames]]>
    </failure>
  </testcase> <!-- cityajaxtest -->
  <testcase name="hotelnameajaxtest" time="3.392" classname="com.erevmax.selenium.RTAdmin.Test_TC02_SearchHotelpage">
    <failure type="org.openqa.selenium.WebDriverException" message="Session not found: e53ae464-ba0c-456b-b619-3bb1dd4c489e
Command duration or timeout: 171 milliseconds
Build info: version: &amp;apos;2.42.2&amp;apos;, revision: &amp;apos;6a6995d31c7c56c340d6f45a76976d43506cd6cc&amp;apos;, time: &amp;apos;2014-06-03 10:52:47&amp;apos;
System info: host: &amp;apos;EREV332-PC&amp;apos;, ip: &amp;apos;192.168.201.119&amp;apos;, os.name: &amp;apos;Windows 7&amp;apos;, os.arch: &amp;apos;amd64&amp;apos;, os.version: &amp;apos;6.1&amp;apos;, java.version: &amp;apos;1.7.0_60&amp;apos;
Session ID: e53ae464-ba0c-456b-b619-3bb1dd4c489e
Driver info: org.openqa.selenium.firefox.FirefoxDriver
Capabilities [{platform=XP, databaseEnabled=true, cssSelectorsEnabled=true, javascriptEnabled=true, acceptSslCerts=true, handlesAlerts=true, browserName=firefox, webStorageEnabled=true, nativeEvents=false, rotatable=false, locationContextEnabled=true, applicationCacheEnabled=true, takesScreenshot=true, version=31.0}]">
      <![CDATA[org.openqa.selenium.WebDriverException: Session not found: e53ae464-ba0c-456b-b619-3bb1dd4c489e
Command duration or timeout: 171 milliseconds
Build info: version: '2.42.2', revision: '6a6995d31c7c56c340d6f45a76976d43506cd6cc', time: '2014-06-03 10:52:47'
System info: host: 'EREV332-PC', ip: '192.168.201.119', os.name: 'Windows 7', os.arch: 'amd64', os.version: '6.1', java.version: '1.7.0_60'
Session ID: e53ae464-ba0c-456b-b619-3bb1dd4c489e
Driver info: org.openqa.selenium.firefox.FirefoxDriver
Capabilities [{platform=XP, databaseEnabled=true, cssSelectorsEnabled=true, javascriptEnabled=true, acceptSslCerts=true, handlesAlerts=true, browserName=firefox, webStorageEnabled=true, nativeEvents=false, rotatable=false, locationContextEnabled=true, applicationCacheEnabled=true, takesScreenshot=true, version=31.0}]
	at org.openqa.selenium.remote.ErrorHandler.createThrowable(ErrorHandler.java:204)
	at org.openqa.selenium.remote.ErrorHandler.throwIfResponseFailed(ErrorHandler.java:156)
	at org.openqa.selenium.remote.RemoteWebDriver.execute(RemoteWebDriver.java:599)
	at org.openqa.selenium.remote.RemoteWebDriver.execute(RemoteWebDriver.java:614)
	at org.openqa.selenium.firefox.FirefoxDriver.getScreenshotAs(FirefoxDriver.java:323)
	at com.erevmax.selenium.RTAdmin.Test_TC02_SearchHotelpage.hotelnameajaxtest(Test_TC02_SearchHotelpage.java:114)
Caused by: org.openqa.selenium.remote.ErrorHandler$UnknownServerException: Session not found: e53ae464-ba0c-456b-b619-3bb1dd4c489e
Build info: version: '2.42.2', revision: '6a6995d31c7c56c340d6f45a76976d43506cd6cc', time: '2014-06-03 10:52:47'
System info: host: 'EREV332-PC', ip: '192.168.201.119', os.name: 'Windows 7', os.arch: 'amd64', os.version: '6.1', java.version: '1.7.0_60'
Driver info: driver.version: unknown
	at <anonymous class>.nsCommandProcessor.prototype.execute(file:///C:/Users/shubhamp/AppData/Local/Temp/anonymous1887014706218123020webdriver-profile/extensions/fxdriver@googlecode.com/components/command_processor.js:11498:9)
	at <anonymous class>.Dispatcher.executeAs/<(file:///C:/Users/shubhamp/AppData/Local/Temp/anonymous1887014706218123020webdriver-profile/extensions/fxdriver@googlecode.com/components/driver_component.js:8287:5)
	at <anonymous class>.Resource.prototype.handle(file:///C:/Users/shubhamp/AppData/Local/Temp/anonymous1887014706218123020webdriver-profile/extensions/fxdriver@googlecode.com/components/driver_component.js:8433:194)
	at <anonymous class>.Dispatcher.prototype.dispatch(file:///C:/Users/shubhamp/AppData/Local/Temp/anonymous1887014706218123020webdriver-profile/extensions/fxdriver@googlecode.com/components/driver_component.js:8380:36)
	at <anonymous class>.WebDriverServer/<.handle(file:///C:/Users/shubhamp/AppData/Local/Temp/anonymous1887014706218123020webdriver-profile/extensions/fxdriver@googlecode.com/components/driver_component.js:11310:5)
	at <anonymous class>.createHandlerFunc/<(file:///C:/Users/shubhamp/AppData/Local/Temp/anonymous1887014706218123020webdriver-profile/extensions/fxdriver@googlecode.com/components/httpd.js:1935:41)
	at <anonymous class>.ServerHandler.prototype.handleResponse(file:///C:/Users/shubhamp/AppData/Local/Temp/anonymous1887014706218123020webdriver-profile/extensions/fxdriver@googlecode.com/components/httpd.js:2261:15)
	at <anonymous class>.Connection.prototype.process(file:///C:/Users/shubhamp/AppData/Local/Temp/anonymous1887014706218123020webdriver-profile/extensions/fxdriver@googlecode.com/components/httpd.js:1168:5)
	at <anonymous class>.RequestReader.prototype._handleResponse(file:///C:/Users/shubhamp/AppData/Local/Temp/anonymous1887014706218123020webdriver-profile/extensions/fxdriver@googlecode.com/components/httpd.js:1616:5)
	at <anonymous class>.RequestReader.prototype._processBody(file:///C:/Users/shubhamp/AppData/Local/Temp/anonymous1887014706218123020webdriver-profile/extensions/fxdriver@googlecode.com/components/httpd.js:1464:9)
	at <anonymous class>.RequestReader.prototype.onInputStreamReady(file:///C:/Users/shubhamp/AppData/Local/Temp/anonymous1887014706218123020webdriver-profile/extensions/fxdriver@googlecode.com/components/httpd.js:1333:9)
... Removed 28 stack frames]]>
    </failure>
  </testcase> <!-- hotelnameajaxtest -->
  <testcase name="AddNewHoteltest" time="0.021" classname="com.erevmax.selenium.RTAdmin.Test_TC02_SearchHotelpage">
    <failure type="org.openqa.selenium.WebDriverException" message="Session not found: e53ae464-ba0c-456b-b619-3bb1dd4c489e
Command duration or timeout: 11 milliseconds
Build info: version: &amp;apos;2.42.2&amp;apos;, revision: &amp;apos;6a6995d31c7c56c340d6f45a76976d43506cd6cc&amp;apos;, time: &amp;apos;2014-06-03 10:52:47&amp;apos;
System info: host: &amp;apos;EREV332-PC&amp;apos;, ip: &amp;apos;192.168.201.119&amp;apos;, os.name: &amp;apos;Windows 7&amp;apos;, os.arch: &amp;apos;amd64&amp;apos;, os.version: &amp;apos;6.1&amp;apos;, java.version: &amp;apos;1.7.0_60&amp;apos;
Session ID: e53ae464-ba0c-456b-b619-3bb1dd4c489e
Driver info: org.openqa.selenium.firefox.FirefoxDriver
Capabilities [{platform=XP, databaseEnabled=true, cssSelectorsEnabled=true, javascriptEnabled=true, acceptSslCerts=true, handlesAlerts=true, browserName=firefox, webStorageEnabled=true, nativeEvents=false, rotatable=false, locationContextEnabled=true, applicationCacheEnabled=true, takesScreenshot=true, version=31.0}]">
      <![CDATA[org.openqa.selenium.WebDriverException: Session not found: e53ae464-ba0c-456b-b619-3bb1dd4c489e
Command duration or timeout: 11 milliseconds
Build info: version: '2.42.2', revision: '6a6995d31c7c56c340d6f45a76976d43506cd6cc', time: '2014-06-03 10:52:47'
System info: host: 'EREV332-PC', ip: '192.168.201.119', os.name: 'Windows 7', os.arch: 'amd64', os.version: '6.1', java.version: '1.7.0_60'
Session ID: e53ae464-ba0c-456b-b619-3bb1dd4c489e
Driver info: org.openqa.selenium.firefox.FirefoxDriver
Capabilities [{platform=XP, databaseEnabled=true, cssSelectorsEnabled=true, javascriptEnabled=true, acceptSslCerts=true, handlesAlerts=true, browserName=firefox, webStorageEnabled=true, nativeEvents=false, rotatable=false, locationContextEnabled=true, applicationCacheEnabled=true, takesScreenshot=true, version=31.0}]
	at org.openqa.selenium.remote.ErrorHandler.createThrowable(ErrorHandler.java:204)
	at org.openqa.selenium.remote.ErrorHandler.throwIfResponseFailed(ErrorHandler.java:156)
	at org.openqa.selenium.remote.RemoteWebDriver.execute(RemoteWebDriver.java:599)
	at org.openqa.selenium.remote.RemoteWebDriver.execute(RemoteWebDriver.java:614)
	at org.openqa.selenium.firefox.FirefoxDriver.getScreenshotAs(FirefoxDriver.java:323)
	at com.erevmax.selenium.RTAdmin.Test_TC02_SearchHotelpage.AddNewHoteltest(Test_TC02_SearchHotelpage.java:162)
Caused by: org.openqa.selenium.remote.ErrorHandler$UnknownServerException: Session not found: e53ae464-ba0c-456b-b619-3bb1dd4c489e
Build info: version: '2.42.2', revision: '6a6995d31c7c56c340d6f45a76976d43506cd6cc', time: '2014-06-03 10:52:47'
System info: host: 'EREV332-PC', ip: '192.168.201.119', os.name: 'Windows 7', os.arch: 'amd64', os.version: '6.1', java.version: '1.7.0_60'
Driver info: driver.version: unknown
	at <anonymous class>.nsCommandProcessor.prototype.execute(file:///C:/Users/shubhamp/AppData/Local/Temp/anonymous1887014706218123020webdriver-profile/extensions/fxdriver@googlecode.com/components/command_processor.js:11498:9)
	at <anonymous class>.Dispatcher.executeAs/<(file:///C:/Users/shubhamp/AppData/Local/Temp/anonymous1887014706218123020webdriver-profile/extensions/fxdriver@googlecode.com/components/driver_component.js:8287:5)
	at <anonymous class>.Resource.prototype.handle(file:///C:/Users/shubhamp/AppData/Local/Temp/anonymous1887014706218123020webdriver-profile/extensions/fxdriver@googlecode.com/components/driver_component.js:8433:194)
	at <anonymous class>.Dispatcher.prototype.dispatch(file:///C:/Users/shubhamp/AppData/Local/Temp/anonymous1887014706218123020webdriver-profile/extensions/fxdriver@googlecode.com/components/driver_component.js:8380:36)
	at <anonymous class>.WebDriverServer/<.handle(file:///C:/Users/shubhamp/AppData/Local/Temp/anonymous1887014706218123020webdriver-profile/extensions/fxdriver@googlecode.com/components/driver_component.js:11310:5)
	at <anonymous class>.createHandlerFunc/<(file:///C:/Users/shubhamp/AppData/Local/Temp/anonymous1887014706218123020webdriver-profile/extensions/fxdriver@googlecode.com/components/httpd.js:1935:41)
	at <anonymous class>.ServerHandler.prototype.handleResponse(file:///C:/Users/shubhamp/AppData/Local/Temp/anonymous1887014706218123020webdriver-profile/extensions/fxdriver@googlecode.com/components/httpd.js:2261:15)
	at <anonymous class>.Connection.prototype.process(file:///C:/Users/shubhamp/AppData/Local/Temp/anonymous1887014706218123020webdriver-profile/extensions/fxdriver@googlecode.com/components/httpd.js:1168:5)
	at <anonymous class>.RequestReader.prototype._handleResponse(file:///C:/Users/shubhamp/AppData/Local/Temp/anonymous1887014706218123020webdriver-profile/extensions/fxdriver@googlecode.com/components/httpd.js:1616:5)
	at <anonymous class>.RequestReader.prototype._processBody(file:///C:/Users/shubhamp/AppData/Local/Temp/anonymous1887014706218123020webdriver-profile/extensions/fxdriver@googlecode.com/components/httpd.js:1464:9)
	at <anonymous class>.RequestReader.prototype.onInputStreamReady(file:///C:/Users/shubhamp/AppData/Local/Temp/anonymous1887014706218123020webdriver-profile/extensions/fxdriver@googlecode.com/components/httpd.js:1333:9)
... Removed 28 stack frames]]>
    </failure>
  </testcase> <!-- AddNewHoteltest -->
  <testcase name="AddNewCitytest" time="0.031" classname="com.erevmax.selenium.RTAdmin.Test_TC02_SearchHotelpage">
    <failure type="org.openqa.selenium.WebDriverException" message="Session not found: e53ae464-ba0c-456b-b619-3bb1dd4c489e
Command duration or timeout: 11 milliseconds
Build info: version: &amp;apos;2.42.2&amp;apos;, revision: &amp;apos;6a6995d31c7c56c340d6f45a76976d43506cd6cc&amp;apos;, time: &amp;apos;2014-06-03 10:52:47&amp;apos;
System info: host: &amp;apos;EREV332-PC&amp;apos;, ip: &amp;apos;192.168.201.119&amp;apos;, os.name: &amp;apos;Windows 7&amp;apos;, os.arch: &amp;apos;amd64&amp;apos;, os.version: &amp;apos;6.1&amp;apos;, java.version: &amp;apos;1.7.0_60&amp;apos;
Session ID: e53ae464-ba0c-456b-b619-3bb1dd4c489e
Driver info: org.openqa.selenium.firefox.FirefoxDriver
Capabilities [{platform=XP, databaseEnabled=true, cssSelectorsEnabled=true, javascriptEnabled=true, acceptSslCerts=true, handlesAlerts=true, browserName=firefox, webStorageEnabled=true, nativeEvents=false, rotatable=false, locationContextEnabled=true, applicationCacheEnabled=true, takesScreenshot=true, version=31.0}]">
      <![CDATA[org.openqa.selenium.WebDriverException: Session not found: e53ae464-ba0c-456b-b619-3bb1dd4c489e
Command duration or timeout: 11 milliseconds
Build info: version: '2.42.2', revision: '6a6995d31c7c56c340d6f45a76976d43506cd6cc', time: '2014-06-03 10:52:47'
System info: host: 'EREV332-PC', ip: '192.168.201.119', os.name: 'Windows 7', os.arch: 'amd64', os.version: '6.1', java.version: '1.7.0_60'
Session ID: e53ae464-ba0c-456b-b619-3bb1dd4c489e
Driver info: org.openqa.selenium.firefox.FirefoxDriver
Capabilities [{platform=XP, databaseEnabled=true, cssSelectorsEnabled=true, javascriptEnabled=true, acceptSslCerts=true, handlesAlerts=true, browserName=firefox, webStorageEnabled=true, nativeEvents=false, rotatable=false, locationContextEnabled=true, applicationCacheEnabled=true, takesScreenshot=true, version=31.0}]
	at org.openqa.selenium.remote.ErrorHandler.createThrowable(ErrorHandler.java:204)
	at org.openqa.selenium.remote.ErrorHandler.throwIfResponseFailed(ErrorHandler.java:156)
	at org.openqa.selenium.remote.RemoteWebDriver.execute(RemoteWebDriver.java:599)
	at org.openqa.selenium.remote.RemoteWebDriver.execute(RemoteWebDriver.java:614)
	at org.openqa.selenium.firefox.FirefoxDriver.getScreenshotAs(FirefoxDriver.java:323)
	at com.erevmax.selenium.RTAdmin.Test_TC02_SearchHotelpage.AddNewCitytest(Test_TC02_SearchHotelpage.java:209)
Caused by: org.openqa.selenium.remote.ErrorHandler$UnknownServerException: Session not found: e53ae464-ba0c-456b-b619-3bb1dd4c489e
Build info: version: '2.42.2', revision: '6a6995d31c7c56c340d6f45a76976d43506cd6cc', time: '2014-06-03 10:52:47'
System info: host: 'EREV332-PC', ip: '192.168.201.119', os.name: 'Windows 7', os.arch: 'amd64', os.version: '6.1', java.version: '1.7.0_60'
Driver info: driver.version: unknown
	at <anonymous class>.nsCommandProcessor.prototype.execute(file:///C:/Users/shubhamp/AppData/Local/Temp/anonymous1887014706218123020webdriver-profile/extensions/fxdriver@googlecode.com/components/command_processor.js:11498:9)
	at <anonymous class>.Dispatcher.executeAs/<(file:///C:/Users/shubhamp/AppData/Local/Temp/anonymous1887014706218123020webdriver-profile/extensions/fxdriver@googlecode.com/components/driver_component.js:8287:5)
	at <anonymous class>.Resource.prototype.handle(file:///C:/Users/shubhamp/AppData/Local/Temp/anonymous1887014706218123020webdriver-profile/extensions/fxdriver@googlecode.com/components/driver_component.js:8433:194)
	at <anonymous class>.Dispatcher.prototype.dispatch(file:///C:/Users/shubhamp/AppData/Local/Temp/anonymous1887014706218123020webdriver-profile/extensions/fxdriver@googlecode.com/components/driver_component.js:8380:36)
	at <anonymous class>.WebDriverServer/<.handle(file:///C:/Users/shubhamp/AppData/Local/Temp/anonymous1887014706218123020webdriver-profile/extensions/fxdriver@googlecode.com/components/driver_component.js:11310:5)
	at <anonymous class>.createHandlerFunc/<(file:///C:/Users/shubhamp/AppData/Local/Temp/anonymous1887014706218123020webdriver-profile/extensions/fxdriver@googlecode.com/components/httpd.js:1935:41)
	at <anonymous class>.ServerHandler.prototype.handleResponse(file:///C:/Users/shubhamp/AppData/Local/Temp/anonymous1887014706218123020webdriver-profile/extensions/fxdriver@googlecode.com/components/httpd.js:2261:15)
	at <anonymous class>.Connection.prototype.process(file:///C:/Users/shubhamp/AppData/Local/Temp/anonymous1887014706218123020webdriver-profile/extensions/fxdriver@googlecode.com/components/httpd.js:1168:5)
	at <anonymous class>.RequestReader.prototype._handleResponse(file:///C:/Users/shubhamp/AppData/Local/Temp/anonymous1887014706218123020webdriver-profile/extensions/fxdriver@googlecode.com/components/httpd.js:1616:5)
	at <anonymous class>.RequestReader.prototype._processBody(file:///C:/Users/shubhamp/AppData/Local/Temp/anonymous1887014706218123020webdriver-profile/extensions/fxdriver@googlecode.com/components/httpd.js:1464:9)
	at <anonymous class>.RequestReader.prototype.onInputStreamReady(file:///C:/Users/shubhamp/AppData/Local/Temp/anonymous1887014706218123020webdriver-profile/extensions/fxdriver@googlecode.com/components/httpd.js:1333:9)
... Removed 28 stack frames]]>
    </failure>
  </testcase> <!-- AddNewCitytest -->
  <testcase name="AddNewCountrytest" time="0.133" classname="com.erevmax.selenium.RTAdmin.Test_TC02_SearchHotelpage">
    <failure type="org.openqa.selenium.WebDriverException" message="Session not found: e53ae464-ba0c-456b-b619-3bb1dd4c489e
Command duration or timeout: 8 milliseconds
Build info: version: &amp;apos;2.42.2&amp;apos;, revision: &amp;apos;6a6995d31c7c56c340d6f45a76976d43506cd6cc&amp;apos;, time: &amp;apos;2014-06-03 10:52:47&amp;apos;
System info: host: &amp;apos;EREV332-PC&amp;apos;, ip: &amp;apos;192.168.201.119&amp;apos;, os.name: &amp;apos;Windows 7&amp;apos;, os.arch: &amp;apos;amd64&amp;apos;, os.version: &amp;apos;6.1&amp;apos;, java.version: &amp;apos;1.7.0_60&amp;apos;
Session ID: e53ae464-ba0c-456b-b619-3bb1dd4c489e
Driver info: org.openqa.selenium.firefox.FirefoxDriver
Capabilities [{platform=XP, databaseEnabled=true, cssSelectorsEnabled=true, javascriptEnabled=true, acceptSslCerts=true, handlesAlerts=true, browserName=firefox, webStorageEnabled=true, nativeEvents=false, rotatable=false, locationContextEnabled=true, applicationCacheEnabled=true, takesScreenshot=true, version=31.0}]">
      <![CDATA[org.openqa.selenium.WebDriverException: Session not found: e53ae464-ba0c-456b-b619-3bb1dd4c489e
Command duration or timeout: 8 milliseconds
Build info: version: '2.42.2', revision: '6a6995d31c7c56c340d6f45a76976d43506cd6cc', time: '2014-06-03 10:52:47'
System info: host: 'EREV332-PC', ip: '192.168.201.119', os.name: 'Windows 7', os.arch: 'amd64', os.version: '6.1', java.version: '1.7.0_60'
Session ID: e53ae464-ba0c-456b-b619-3bb1dd4c489e
Driver info: org.openqa.selenium.firefox.FirefoxDriver
Capabilities [{platform=XP, databaseEnabled=true, cssSelectorsEnabled=true, javascriptEnabled=true, acceptSslCerts=true, handlesAlerts=true, browserName=firefox, webStorageEnabled=true, nativeEvents=false, rotatable=false, locationContextEnabled=true, applicationCacheEnabled=true, takesScreenshot=true, version=31.0}]
	at org.openqa.selenium.remote.ErrorHandler.createThrowable(ErrorHandler.java:204)
	at org.openqa.selenium.remote.ErrorHandler.throwIfResponseFailed(ErrorHandler.java:156)
	at org.openqa.selenium.remote.RemoteWebDriver.execute(RemoteWebDriver.java:599)
	at org.openqa.selenium.remote.RemoteWebDriver.execute(RemoteWebDriver.java:614)
	at org.openqa.selenium.firefox.FirefoxDriver.getScreenshotAs(FirefoxDriver.java:323)
	at com.erevmax.selenium.RTAdmin.Test_TC02_SearchHotelpage.AddNewCountrytest(Test_TC02_SearchHotelpage.java:251)
Caused by: org.openqa.selenium.remote.ErrorHandler$UnknownServerException: Session not found: e53ae464-ba0c-456b-b619-3bb1dd4c489e
Build info: version: '2.42.2', revision: '6a6995d31c7c56c340d6f45a76976d43506cd6cc', time: '2014-06-03 10:52:47'
System info: host: 'EREV332-PC', ip: '192.168.201.119', os.name: 'Windows 7', os.arch: 'amd64', os.version: '6.1', java.version: '1.7.0_60'
Driver info: driver.version: unknown
	at <anonymous class>.nsCommandProcessor.prototype.execute(file:///C:/Users/shubhamp/AppData/Local/Temp/anonymous1887014706218123020webdriver-profile/extensions/fxdriver@googlecode.com/components/command_processor.js:11498:9)
	at <anonymous class>.Dispatcher.executeAs/<(file:///C:/Users/shubhamp/AppData/Local/Temp/anonymous1887014706218123020webdriver-profile/extensions/fxdriver@googlecode.com/components/driver_component.js:8287:5)
	at <anonymous class>.Resource.prototype.handle(file:///C:/Users/shubhamp/AppData/Local/Temp/anonymous1887014706218123020webdriver-profile/extensions/fxdriver@googlecode.com/components/driver_component.js:8433:194)
	at <anonymous class>.Dispatcher.prototype.dispatch(file:///C:/Users/shubhamp/AppData/Local/Temp/anonymous1887014706218123020webdriver-profile/extensions/fxdriver@googlecode.com/components/driver_component.js:8380:36)
	at <anonymous class>.WebDriverServer/<.handle(file:///C:/Users/shubhamp/AppData/Local/Temp/anonymous1887014706218123020webdriver-profile/extensions/fxdriver@googlecode.com/components/driver_component.js:11310:5)
	at <anonymous class>.createHandlerFunc/<(file:///C:/Users/shubhamp/AppData/Local/Temp/anonymous1887014706218123020webdriver-profile/extensions/fxdriver@googlecode.com/components/httpd.js:1935:41)
	at <anonymous class>.ServerHandler.prototype.handleResponse(file:///C:/Users/shubhamp/AppData/Local/Temp/anonymous1887014706218123020webdriver-profile/extensions/fxdriver@googlecode.com/components/httpd.js:2261:15)
	at <anonymous class>.Connection.prototype.process(file:///C:/Users/shubhamp/AppData/Local/Temp/anonymous1887014706218123020webdriver-profile/extensions/fxdriver@googlecode.com/components/httpd.js:1168:5)
	at <anonymous class>.RequestReader.prototype._handleResponse(file:///C:/Users/shubhamp/AppData/Local/Temp/anonymous1887014706218123020webdriver-profile/extensions/fxdriver@googlecode.com/components/httpd.js:1616:5)
	at <anonymous class>.RequestReader.prototype._processBody(file:///C:/Users/shubhamp/AppData/Local/Temp/anonymous1887014706218123020webdriver-profile/extensions/fxdriver@googlecode.com/components/httpd.js:1464:9)
	at <anonymous class>.RequestReader.prototype.onInputStreamReady(file:///C:/Users/shubhamp/AppData/Local/Temp/anonymous1887014706218123020webdriver-profile/extensions/fxdriver@googlecode.com/components/httpd.js:1333:9)
... Removed 28 stack frames]]>
    </failure>
  </testcase> <!-- AddNewCountrytest -->
  <testcase name="requiredFieldMsgtest" time="0.031" classname="com.erevmax.selenium.RTAdmin.Test_TC02_SearchHotelpage">
    <failure type="org.openqa.selenium.WebDriverException" message="Session not found: e53ae464-ba0c-456b-b619-3bb1dd4c489e
Command duration or timeout: 21 milliseconds
Build info: version: &amp;apos;2.42.2&amp;apos;, revision: &amp;apos;6a6995d31c7c56c340d6f45a76976d43506cd6cc&amp;apos;, time: &amp;apos;2014-06-03 10:52:47&amp;apos;
System info: host: &amp;apos;EREV332-PC&amp;apos;, ip: &amp;apos;192.168.201.119&amp;apos;, os.name: &amp;apos;Windows 7&amp;apos;, os.arch: &amp;apos;amd64&amp;apos;, os.version: &amp;apos;6.1&amp;apos;, java.version: &amp;apos;1.7.0_60&amp;apos;
Session ID: e53ae464-ba0c-456b-b619-3bb1dd4c489e
Driver info: org.openqa.selenium.firefox.FirefoxDriver
Capabilities [{platform=XP, databaseEnabled=true, cssSelectorsEnabled=true, javascriptEnabled=true, acceptSslCerts=true, handlesAlerts=true, browserName=firefox, webStorageEnabled=true, nativeEvents=false, rotatable=false, locationContextEnabled=true, applicationCacheEnabled=true, takesScreenshot=true, version=31.0}]">
      <![CDATA[org.openqa.selenium.WebDriverException: Session not found: e53ae464-ba0c-456b-b619-3bb1dd4c489e
Command duration or timeout: 21 milliseconds
Build info: version: '2.42.2', revision: '6a6995d31c7c56c340d6f45a76976d43506cd6cc', time: '2014-06-03 10:52:47'
System info: host: 'EREV332-PC', ip: '192.168.201.119', os.name: 'Windows 7', os.arch: 'amd64', os.version: '6.1', java.version: '1.7.0_60'
Session ID: e53ae464-ba0c-456b-b619-3bb1dd4c489e
Driver info: org.openqa.selenium.firefox.FirefoxDriver
Capabilities [{platform=XP, databaseEnabled=true, cssSelectorsEnabled=true, javascriptEnabled=true, acceptSslCerts=true, handlesAlerts=true, browserName=firefox, webStorageEnabled=true, nativeEvents=false, rotatable=false, locationContextEnabled=true, applicationCacheEnabled=true, takesScreenshot=true, version=31.0}]
	at org.openqa.selenium.remote.ErrorHandler.createThrowable(ErrorHandler.java:204)
	at org.openqa.selenium.remote.ErrorHandler.throwIfResponseFailed(ErrorHandler.java:156)
	at org.openqa.selenium.remote.RemoteWebDriver.execute(RemoteWebDriver.java:599)
	at org.openqa.selenium.remote.RemoteWebDriver.execute(RemoteWebDriver.java:614)
	at org.openqa.selenium.firefox.FirefoxDriver.getScreenshotAs(FirefoxDriver.java:323)
	at com.erevmax.selenium.RTAdmin.Test_TC02_SearchHotelpage.requiredFieldMsgtest(Test_TC02_SearchHotelpage.java:272)
Caused by: org.openqa.selenium.remote.ErrorHandler$UnknownServerException: Session not found: e53ae464-ba0c-456b-b619-3bb1dd4c489e
Build info: version: '2.42.2', revision: '6a6995d31c7c56c340d6f45a76976d43506cd6cc', time: '2014-06-03 10:52:47'
System info: host: 'EREV332-PC', ip: '192.168.201.119', os.name: 'Windows 7', os.arch: 'amd64', os.version: '6.1', java.version: '1.7.0_60'
Driver info: driver.version: unknown
	at <anonymous class>.nsCommandProcessor.prototype.execute(file:///C:/Users/shubhamp/AppData/Local/Temp/anonymous1887014706218123020webdriver-profile/extensions/fxdriver@googlecode.com/components/command_processor.js:11498:9)
	at <anonymous class>.Dispatcher.executeAs/<(file:///C:/Users/shubhamp/AppData/Local/Temp/anonymous1887014706218123020webdriver-profile/extensions/fxdriver@googlecode.com/components/driver_component.js:8287:5)
	at <anonymous class>.Resource.prototype.handle(file:///C:/Users/shubhamp/AppData/Local/Temp/anonymous1887014706218123020webdriver-profile/extensions/fxdriver@googlecode.com/components/driver_component.js:8433:194)
	at <anonymous class>.Dispatcher.prototype.dispatch(file:///C:/Users/shubhamp/AppData/Local/Temp/anonymous1887014706218123020webdriver-profile/extensions/fxdriver@googlecode.com/components/driver_component.js:8380:36)
	at <anonymous class>.WebDriverServer/<.handle(file:///C:/Users/shubhamp/AppData/Local/Temp/anonymous1887014706218123020webdriver-profile/extensions/fxdriver@googlecode.com/components/driver_component.js:11310:5)
	at <anonymous class>.createHandlerFunc/<(file:///C:/Users/shubhamp/AppData/Local/Temp/anonymous1887014706218123020webdriver-profile/extensions/fxdriver@googlecode.com/components/httpd.js:1935:41)
	at <anonymous class>.ServerHandler.prototype.handleResponse(file:///C:/Users/shubhamp/AppData/Local/Temp/anonymous1887014706218123020webdriver-profile/extensions/fxdriver@googlecode.com/components/httpd.js:2261:15)
	at <anonymous class>.Connection.prototype.process(file:///C:/Users/shubhamp/AppData/Local/Temp/anonymous1887014706218123020webdriver-profile/extensions/fxdriver@googlecode.com/components/httpd.js:1168:5)
	at <anonymous class>.RequestReader.prototype._handleResponse(file:///C:/Users/shubhamp/AppData/Local/Temp/anonymous1887014706218123020webdriver-profile/extensions/fxdriver@googlecode.com/components/httpd.js:1616:5)
	at <anonymous class>.RequestReader.prototype._processBody(file:///C:/Users/shubhamp/AppData/Local/Temp/anonymous1887014706218123020webdriver-profile/extensions/fxdriver@googlecode.com/components/httpd.js:1464:9)
	at <anonymous class>.RequestReader.prototype.onInputStreamReady(file:///C:/Users/shubhamp/AppData/Local/Temp/anonymous1887014706218123020webdriver-profile/extensions/fxdriver@googlecode.com/components/httpd.js:1333:9)
... Removed 28 stack frames]]>
    </failure>
  </testcase> <!-- requiredFieldMsgtest -->
  <testcase name="continue_clienthotelconfig_test" time="0.031" classname="com.erevmax.selenium.RTAdmin.Test_TC02_SearchHotelpage">
    <failure type="org.openqa.selenium.WebDriverException" message="Session not found: e53ae464-ba0c-456b-b619-3bb1dd4c489e
Command duration or timeout: 21 milliseconds
Build info: version: &amp;apos;2.42.2&amp;apos;, revision: &amp;apos;6a6995d31c7c56c340d6f45a76976d43506cd6cc&amp;apos;, time: &amp;apos;2014-06-03 10:52:47&amp;apos;
System info: host: &amp;apos;EREV332-PC&amp;apos;, ip: &amp;apos;192.168.201.119&amp;apos;, os.name: &amp;apos;Windows 7&amp;apos;, os.arch: &amp;apos;amd64&amp;apos;, os.version: &amp;apos;6.1&amp;apos;, java.version: &amp;apos;1.7.0_60&amp;apos;
Session ID: e53ae464-ba0c-456b-b619-3bb1dd4c489e
Driver info: org.openqa.selenium.firefox.FirefoxDriver
Capabilities [{platform=XP, databaseEnabled=true, cssSelectorsEnabled=true, javascriptEnabled=true, acceptSslCerts=true, handlesAlerts=true, browserName=firefox, webStorageEnabled=true, nativeEvents=false, rotatable=false, locationContextEnabled=true, applicationCacheEnabled=true, takesScreenshot=true, version=31.0}]">
      <![CDATA[org.openqa.selenium.WebDriverException: Session not found: e53ae464-ba0c-456b-b619-3bb1dd4c489e
Command duration or timeout: 21 milliseconds
Build info: version: '2.42.2', revision: '6a6995d31c7c56c340d6f45a76976d43506cd6cc', time: '2014-06-03 10:52:47'
System info: host: 'EREV332-PC', ip: '192.168.201.119', os.name: 'Windows 7', os.arch: 'amd64', os.version: '6.1', java.version: '1.7.0_60'
Session ID: e53ae464-ba0c-456b-b619-3bb1dd4c489e
Driver info: org.openqa.selenium.firefox.FirefoxDriver
Capabilities [{platform=XP, databaseEnabled=true, cssSelectorsEnabled=true, javascriptEnabled=true, acceptSslCerts=true, handlesAlerts=true, browserName=firefox, webStorageEnabled=true, nativeEvents=false, rotatable=false, locationContextEnabled=true, applicationCacheEnabled=true, takesScreenshot=true, version=31.0}]
	at org.openqa.selenium.remote.ErrorHandler.createThrowable(ErrorHandler.java:204)
	at org.openqa.selenium.remote.ErrorHandler.throwIfResponseFailed(ErrorHandler.java:156)
	at org.openqa.selenium.remote.RemoteWebDriver.execute(RemoteWebDriver.java:599)
	at org.openqa.selenium.remote.RemoteWebDriver.execute(RemoteWebDriver.java:614)
	at org.openqa.selenium.firefox.FirefoxDriver.getScreenshotAs(FirefoxDriver.java:323)
	at com.erevmax.selenium.RTAdmin.Test_TC02_SearchHotelpage.continue_clienthotelconfig_test(Test_TC02_SearchHotelpage.java:293)
Caused by: org.openqa.selenium.remote.ErrorHandler$UnknownServerException: Session not found: e53ae464-ba0c-456b-b619-3bb1dd4c489e
Build info: version: '2.42.2', revision: '6a6995d31c7c56c340d6f45a76976d43506cd6cc', time: '2014-06-03 10:52:47'
System info: host: 'EREV332-PC', ip: '192.168.201.119', os.name: 'Windows 7', os.arch: 'amd64', os.version: '6.1', java.version: '1.7.0_60'
Driver info: driver.version: unknown
	at <anonymous class>.nsCommandProcessor.prototype.execute(file:///C:/Users/shubhamp/AppData/Local/Temp/anonymous1887014706218123020webdriver-profile/extensions/fxdriver@googlecode.com/components/command_processor.js:11498:9)
	at <anonymous class>.Dispatcher.executeAs/<(file:///C:/Users/shubhamp/AppData/Local/Temp/anonymous1887014706218123020webdriver-profile/extensions/fxdriver@googlecode.com/components/driver_component.js:8287:5)
	at <anonymous class>.Resource.prototype.handle(file:///C:/Users/shubhamp/AppData/Local/Temp/anonymous1887014706218123020webdriver-profile/extensions/fxdriver@googlecode.com/components/driver_component.js:8433:194)
	at <anonymous class>.Dispatcher.prototype.dispatch(file:///C:/Users/shubhamp/AppData/Local/Temp/anonymous1887014706218123020webdriver-profile/extensions/fxdriver@googlecode.com/components/driver_component.js:8380:36)
	at <anonymous class>.WebDriverServer/<.handle(file:///C:/Users/shubhamp/AppData/Local/Temp/anonymous1887014706218123020webdriver-profile/extensions/fxdriver@googlecode.com/components/driver_component.js:11310:5)
	at <anonymous class>.createHandlerFunc/<(file:///C:/Users/shubhamp/AppData/Local/Temp/anonymous1887014706218123020webdriver-profile/extensions/fxdriver@googlecode.com/components/httpd.js:1935:41)
	at <anonymous class>.ServerHandler.prototype.handleResponse(file:///C:/Users/shubhamp/AppData/Local/Temp/anonymous1887014706218123020webdriver-profile/extensions/fxdriver@googlecode.com/components/httpd.js:2261:15)
	at <anonymous class>.Connection.prototype.process(file:///C:/Users/shubhamp/AppData/Local/Temp/anonymous1887014706218123020webdriver-profile/extensions/fxdriver@googlecode.com/components/httpd.js:1168:5)
	at <anonymous class>.RequestReader.prototype._handleResponse(file:///C:/Users/shubhamp/AppData/Local/Temp/anonymous1887014706218123020webdriver-profile/extensions/fxdriver@googlecode.com/components/httpd.js:1616:5)
	at <anonymous class>.RequestReader.prototype._processBody(file:///C:/Users/shubhamp/AppData/Local/Temp/anonymous1887014706218123020webdriver-profile/extensions/fxdriver@googlecode.com/components/httpd.js:1464:9)
	at <anonymous class>.RequestReader.prototype.onInputStreamReady(file:///C:/Users/shubhamp/AppData/Local/Temp/anonymous1887014706218123020webdriver-profile/extensions/fxdriver@googlecode.com/components/httpd.js:1333:9)
... Removed 27 stack frames]]>
    </failure>
  </testcase> <!-- continue_clienthotelconfig_test -->
  <testcase name="navigateConfigDetailActionPage" time="0.021" classname="com.erevmax.selenium.RTAdmin.Test_TC03_HotelAddress">
    <failure type="org.openqa.selenium.WebDriverException" message="Session not found: e53ae464-ba0c-456b-b619-3bb1dd4c489e
Command duration or timeout: 11 milliseconds
Build info: version: &amp;apos;2.42.2&amp;apos;, revision: &amp;apos;6a6995d31c7c56c340d6f45a76976d43506cd6cc&amp;apos;, time: &amp;apos;2014-06-03 10:52:47&amp;apos;
System info: host: &amp;apos;EREV332-PC&amp;apos;, ip: &amp;apos;192.168.201.119&amp;apos;, os.name: &amp;apos;Windows 7&amp;apos;, os.arch: &amp;apos;amd64&amp;apos;, os.version: &amp;apos;6.1&amp;apos;, java.version: &amp;apos;1.7.0_60&amp;apos;
Session ID: e53ae464-ba0c-456b-b619-3bb1dd4c489e
Driver info: org.openqa.selenium.firefox.FirefoxDriver
Capabilities [{platform=XP, databaseEnabled=true, cssSelectorsEnabled=true, javascriptEnabled=true, acceptSslCerts=true, handlesAlerts=true, browserName=firefox, webStorageEnabled=true, nativeEvents=false, rotatable=false, locationContextEnabled=true, applicationCacheEnabled=true, takesScreenshot=true, version=31.0}]">
      <![CDATA[org.openqa.selenium.WebDriverException: Session not found: e53ae464-ba0c-456b-b619-3bb1dd4c489e
Command duration or timeout: 11 milliseconds
Build info: version: '2.42.2', revision: '6a6995d31c7c56c340d6f45a76976d43506cd6cc', time: '2014-06-03 10:52:47'
System info: host: 'EREV332-PC', ip: '192.168.201.119', os.name: 'Windows 7', os.arch: 'amd64', os.version: '6.1', java.version: '1.7.0_60'
Session ID: e53ae464-ba0c-456b-b619-3bb1dd4c489e
Driver info: org.openqa.selenium.firefox.FirefoxDriver
Capabilities [{platform=XP, databaseEnabled=true, cssSelectorsEnabled=true, javascriptEnabled=true, acceptSslCerts=true, handlesAlerts=true, browserName=firefox, webStorageEnabled=true, nativeEvents=false, rotatable=false, locationContextEnabled=true, applicationCacheEnabled=true, takesScreenshot=true, version=31.0}]
	at org.openqa.selenium.remote.ErrorHandler.createThrowable(ErrorHandler.java:204)
	at org.openqa.selenium.remote.ErrorHandler.throwIfResponseFailed(ErrorHandler.java:156)
	at org.openqa.selenium.remote.RemoteWebDriver.execute(RemoteWebDriver.java:599)
	at org.openqa.selenium.remote.RemoteWebDriver.findElements(RemoteWebDriver.java:377)
	at org.openqa.selenium.remote.RemoteWebDriver.findElementsByXPath(RemoteWebDriver.java:453)
	at org.openqa.selenium.By$ByXPath.findElements(By.java:352)
	at org.openqa.selenium.remote.RemoteWebDriver.findElements(RemoteWebDriver.java:340)
	at org.openqa.selenium.support.ui.ExpectedConditions.findElements(ExpectedConditions.java:745)
	at org.openqa.selenium.support.ui.ExpectedConditions.access$200(ExpectedConditions.java:39)
	at org.openqa.selenium.support.ui.ExpectedConditions$8.apply(ExpectedConditions.java:242)
	at org.openqa.selenium.support.ui.ExpectedConditions$8.apply(ExpectedConditions.java:239)
	at org.openqa.selenium.support.ui.FluentWait.until(FluentWait.java:208)
	at com.erevmax.mysample.Sample.SeleniumImplementation.waitUntilelementDisplayed(SeleniumImplementation.java:249)
	at com.erevmax.mysample.Sample.SeleniumImplementation.findWebElement(SeleniumImplementation.java:217)
	at com.erevmax.mysample.Sample.SeleniumImplementation.click(SeleniumImplementation.java:254)
	at com.erevmax.selenium.RTAdmin.Test_TC03_HotelAddress.navigateConfigDetailActionPage(Test_TC03_HotelAddress.java:23)
Caused by: org.openqa.selenium.remote.ErrorHandler$UnknownServerException: Session not found: e53ae464-ba0c-456b-b619-3bb1dd4c489e
Build info: version: '2.42.2', revision: '6a6995d31c7c56c340d6f45a76976d43506cd6cc', time: '2014-06-03 10:52:47'
System info: host: 'EREV332-PC', ip: '192.168.201.119', os.name: 'Windows 7', os.arch: 'amd64', os.version: '6.1', java.version: '1.7.0_60'
Driver info: driver.version: unknown
	at <anonymous class>.nsCommandProcessor.prototype.execute(file:///C:/Users/shubhamp/AppData/Local/Temp/anonymous1887014706218123020webdriver-profile/extensions/fxdriver@googlecode.com/components/command_processor.js:11498:9)
	at <anonymous class>.Dispatcher.executeAs/<(file:///C:/Users/shubhamp/AppData/Local/Temp/anonymous1887014706218123020webdriver-profile/extensions/fxdriver@googlecode.com/components/driver_component.js:8287:5)
	at <anonymous class>.Resource.prototype.handle(file:///C:/Users/shubhamp/AppData/Local/Temp/anonymous1887014706218123020webdriver-profile/extensions/fxdriver@googlecode.com/components/driver_component.js:8433:194)
	at <anonymous class>.Dispatcher.prototype.dispatch(file:///C:/Users/shubhamp/AppData/Local/Temp/anonymous1887014706218123020webdriver-profile/extensions/fxdriver@googlecode.com/components/driver_component.js:8380:36)
	at <anonymous class>.WebDriverServer/<.handle(file:///C:/Users/shubhamp/AppData/Local/Temp/anonymous1887014706218123020webdriver-profile/extensions/fxdriver@googlecode.com/components/driver_component.js:11310:5)
	at <anonymous class>.createHandlerFunc/<(file:///C:/Users/shubhamp/AppData/Local/Temp/anonymous1887014706218123020webdriver-profile/extensions/fxdriver@googlecode.com/components/httpd.js:1935:41)
	at <anonymous class>.ServerHandler.prototype.handleResponse(file:///C:/Users/shubhamp/AppData/Local/Temp/anonymous1887014706218123020webdriver-profile/extensions/fxdriver@googlecode.com/components/httpd.js:2261:15)
	at <anonymous class>.Connection.prototype.process(file:///C:/Users/shubhamp/AppData/Local/Temp/anonymous1887014706218123020webdriver-profile/extensions/fxdriver@googlecode.com/components/httpd.js:1168:5)
	at <anonymous class>.RequestReader.prototype._handleResponse(file:///C:/Users/shubhamp/AppData/Local/Temp/anonymous1887014706218123020webdriver-profile/extensions/fxdriver@googlecode.com/components/httpd.js:1616:5)
	at <anonymous class>.RequestReader.prototype._processBody(file:///C:/Users/shubhamp/AppData/Local/Temp/anonymous1887014706218123020webdriver-profile/extensions/fxdriver@googlecode.com/components/httpd.js:1464:9)
	at <anonymous class>.RequestReader.prototype.onInputStreamReady(file:///C:/Users/shubhamp/AppData/Local/Temp/anonymous1887014706218123020webdriver-profile/extensions/fxdriver@googlecode.com/components/httpd.js:1333:9)
... Removed 27 stack frames]]>
    </failure>
  </testcase> <!-- navigateConfigDetailActionPage -->
  <testcase name="HotelAddressSave1" time="4.025" classname="com.erevmax.selenium.RTAdmin.Test_TC03_HotelAddress">
    <failure type="org.openqa.selenium.WebDriverException" message="Session not found: e53ae464-ba0c-456b-b619-3bb1dd4c489e
Command duration or timeout: 10 milliseconds
Build info: version: &amp;apos;2.42.2&amp;apos;, revision: &amp;apos;6a6995d31c7c56c340d6f45a76976d43506cd6cc&amp;apos;, time: &amp;apos;2014-06-03 10:52:47&amp;apos;
System info: host: &amp;apos;EREV332-PC&amp;apos;, ip: &amp;apos;192.168.201.119&amp;apos;, os.name: &amp;apos;Windows 7&amp;apos;, os.arch: &amp;apos;amd64&amp;apos;, os.version: &amp;apos;6.1&amp;apos;, java.version: &amp;apos;1.7.0_60&amp;apos;
Session ID: e53ae464-ba0c-456b-b619-3bb1dd4c489e
Driver info: org.openqa.selenium.firefox.FirefoxDriver
Capabilities [{platform=XP, databaseEnabled=true, cssSelectorsEnabled=true, javascriptEnabled=true, acceptSslCerts=true, handlesAlerts=true, browserName=firefox, webStorageEnabled=true, nativeEvents=false, rotatable=false, locationContextEnabled=true, applicationCacheEnabled=true, takesScreenshot=true, version=31.0}]">
      <![CDATA[org.openqa.selenium.WebDriverException: Session not found: e53ae464-ba0c-456b-b619-3bb1dd4c489e
Command duration or timeout: 10 milliseconds
Build info: version: '2.42.2', revision: '6a6995d31c7c56c340d6f45a76976d43506cd6cc', time: '2014-06-03 10:52:47'
System info: host: 'EREV332-PC', ip: '192.168.201.119', os.name: 'Windows 7', os.arch: 'amd64', os.version: '6.1', java.version: '1.7.0_60'
Session ID: e53ae464-ba0c-456b-b619-3bb1dd4c489e
Driver info: org.openqa.selenium.firefox.FirefoxDriver
Capabilities [{platform=XP, databaseEnabled=true, cssSelectorsEnabled=true, javascriptEnabled=true, acceptSslCerts=true, handlesAlerts=true, browserName=firefox, webStorageEnabled=true, nativeEvents=false, rotatable=false, locationContextEnabled=true, applicationCacheEnabled=true, takesScreenshot=true, version=31.0}]
	at org.openqa.selenium.remote.ErrorHandler.createThrowable(ErrorHandler.java:204)
	at org.openqa.selenium.remote.ErrorHandler.throwIfResponseFailed(ErrorHandler.java:156)
	at org.openqa.selenium.remote.RemoteWebDriver.execute(RemoteWebDriver.java:599)
	at org.openqa.selenium.remote.RemoteWebDriver.findElements(RemoteWebDriver.java:377)
	at org.openqa.selenium.remote.RemoteWebDriver.findElementsByXPath(RemoteWebDriver.java:453)
	at org.openqa.selenium.By$ByXPath.findElements(By.java:352)
	at org.openqa.selenium.remote.RemoteWebDriver.findElements(RemoteWebDriver.java:340)
	at org.openqa.selenium.support.ui.ExpectedConditions.findElements(ExpectedConditions.java:745)
	at org.openqa.selenium.support.ui.ExpectedConditions.access$200(ExpectedConditions.java:39)
	at org.openqa.selenium.support.ui.ExpectedConditions$8.apply(ExpectedConditions.java:242)
	at org.openqa.selenium.support.ui.ExpectedConditions$8.apply(ExpectedConditions.java:239)
	at org.openqa.selenium.support.ui.FluentWait.until(FluentWait.java:208)
	at com.erevmax.mysample.Sample.SeleniumImplementation.waitUntilelementDisplayed(SeleniumImplementation.java:249)
	at com.erevmax.mysample.Sample.SeleniumImplementation.findWebElement(SeleniumImplementation.java:217)
	at com.erevmax.mysample.Sample.SeleniumImplementation.click(SeleniumImplementation.java:254)
	at com.erevmax.selenium.RTAdmin.Test_TC03_HotelAddress.HotelAddressSave1(Test_TC03_HotelAddress.java:45)
Caused by: org.openqa.selenium.remote.ErrorHandler$UnknownServerException: Session not found: e53ae464-ba0c-456b-b619-3bb1dd4c489e
Build info: version: '2.42.2', revision: '6a6995d31c7c56c340d6f45a76976d43506cd6cc', time: '2014-06-03 10:52:47'
System info: host: 'EREV332-PC', ip: '192.168.201.119', os.name: 'Windows 7', os.arch: 'amd64', os.version: '6.1', java.version: '1.7.0_60'
Driver info: driver.version: unknown
	at <anonymous class>.nsCommandProcessor.prototype.execute(file:///C:/Users/shubhamp/AppData/Local/Temp/anonymous1887014706218123020webdriver-profile/extensions/fxdriver@googlecode.com/components/command_processor.js:11498:9)
	at <anonymous class>.Dispatcher.executeAs/<(file:///C:/Users/shubhamp/AppData/Local/Temp/anonymous1887014706218123020webdriver-profile/extensions/fxdriver@googlecode.com/components/driver_component.js:8287:5)
	at <anonymous class>.Resource.prototype.handle(file:///C:/Users/shubhamp/AppData/Local/Temp/anonymous1887014706218123020webdriver-profile/extensions/fxdriver@googlecode.com/components/driver_component.js:8433:194)
	at <anonymous class>.Dispatcher.prototype.dispatch(file:///C:/Users/shubhamp/AppData/Local/Temp/anonymous1887014706218123020webdriver-profile/extensions/fxdriver@googlecode.com/components/driver_component.js:8380:36)
	at <anonymous class>.WebDriverServer/<.handle(file:///C:/Users/shubhamp/AppData/Local/Temp/anonymous1887014706218123020webdriver-profile/extensions/fxdriver@googlecode.com/components/driver_component.js:11310:5)
	at <anonymous class>.createHandlerFunc/<(file:///C:/Users/shubhamp/AppData/Local/Temp/anonymous1887014706218123020webdriver-profile/extensions/fxdriver@googlecode.com/components/httpd.js:1935:41)
	at <anonymous class>.ServerHandler.prototype.handleResponse(file:///C:/Users/shubhamp/AppData/Local/Temp/anonymous1887014706218123020webdriver-profile/extensions/fxdriver@googlecode.com/components/httpd.js:2261:15)
	at <anonymous class>.Connection.prototype.process(file:///C:/Users/shubhamp/AppData/Local/Temp/anonymous1887014706218123020webdriver-profile/extensions/fxdriver@googlecode.com/components/httpd.js:1168:5)
	at <anonymous class>.RequestReader.prototype._handleResponse(file:///C:/Users/shubhamp/AppData/Local/Temp/anonymous1887014706218123020webdriver-profile/extensions/fxdriver@googlecode.com/components/httpd.js:1616:5)
	at <anonymous class>.RequestReader.prototype._processBody(file:///C:/Users/shubhamp/AppData/Local/Temp/anonymous1887014706218123020webdriver-profile/extensions/fxdriver@googlecode.com/components/httpd.js:1464:9)
	at <anonymous class>.RequestReader.prototype.onInputStreamReady(file:///C:/Users/shubhamp/AppData/Local/Temp/anonymous1887014706218123020webdriver-profile/extensions/fxdriver@googlecode.com/components/httpd.js:1333:9)
... Removed 27 stack frames]]>
    </failure>
  </testcase> <!-- HotelAddressSave1 -->
  <testcase name="HotelAddressSave1" time="4.014" classname="com.erevmax.selenium.RTAdmin.Test_TC03_HotelAddress">
    <failure type="org.openqa.selenium.WebDriverException" message="[JavaScript Error: &amp;quot;e is null&amp;quot; {file: &amp;quot;file:///C:/Users/shubhamp/AppData/Local/Temp/anonymous1887014706218123020webdriver-profile/extensions/fxdriver@googlecode.com/components/command_processor.js&amp;quot; line: 7716}]&amp;apos;[JavaScript Error: &amp;quot;e is null&amp;quot; {file: &amp;quot;file:///C:/Users/shubhamp/AppData/Local/Temp/anonymous1887014706218123020webdriver-profile/extensions/fxdriver@googlecode.com/components/command_processor.js&amp;quot; line: 7716}]&amp;apos; when calling method: [nsICommandProcessor::execute]
Command duration or timeout: 10 milliseconds
Build info: version: &amp;apos;2.42.2&amp;apos;, revision: &amp;apos;6a6995d31c7c56c340d6f45a76976d43506cd6cc&amp;apos;, time: &amp;apos;2014-06-03 10:52:47&amp;apos;
System info: host: &amp;apos;EREV332-PC&amp;apos;, ip: &amp;apos;192.168.201.119&amp;apos;, os.name: &amp;apos;Windows 7&amp;apos;, os.arch: &amp;apos;amd64&amp;apos;, os.version: &amp;apos;6.1&amp;apos;, java.version: &amp;apos;1.7.0_60&amp;apos;
Session ID: e53ae464-ba0c-456b-b619-3bb1dd4c489e
Driver info: org.openqa.selenium.firefox.FirefoxDriver
Capabilities [{platform=XP, databaseEnabled=true, cssSelectorsEnabled=true, javascriptEnabled=true, acceptSslCerts=true, handlesAlerts=true, browserName=firefox, webStorageEnabled=true, nativeEvents=false, rotatable=false, locationContextEnabled=true, applicationCacheEnabled=true, takesScreenshot=true, version=31.0}]">
      <![CDATA[org.openqa.selenium.WebDriverException: [JavaScript Error: "e is null" {file: "file:///C:/Users/shubhamp/AppData/Local/Temp/anonymous1887014706218123020webdriver-profile/extensions/fxdriver@googlecode.com/components/command_processor.js" line: 7716}]'[JavaScript Error: "e is null" {file: "file:///C:/Users/shubhamp/AppData/Local/Temp/anonymous1887014706218123020webdriver-profile/extensions/fxdriver@googlecode.com/components/command_processor.js" line: 7716}]' when calling method: [nsICommandProcessor::execute]
Command duration or timeout: 10 milliseconds
Build info: version: '2.42.2', revision: '6a6995d31c7c56c340d6f45a76976d43506cd6cc', time: '2014-06-03 10:52:47'
System info: host: 'EREV332-PC', ip: '192.168.201.119', os.name: 'Windows 7', os.arch: 'amd64', os.version: '6.1', java.version: '1.7.0_60'
Session ID: e53ae464-ba0c-456b-b619-3bb1dd4c489e
Driver info: org.openqa.selenium.firefox.FirefoxDriver
Capabilities [{platform=XP, databaseEnabled=true, cssSelectorsEnabled=true, javascriptEnabled=true, acceptSslCerts=true, handlesAlerts=true, browserName=firefox, webStorageEnabled=true, nativeEvents=false, rotatable=false, locationContextEnabled=true, applicationCacheEnabled=true, takesScreenshot=true, version=31.0}]
	at org.openqa.selenium.remote.ErrorHandler.createThrowable(ErrorHandler.java:204)
	at org.openqa.selenium.remote.ErrorHandler.throwIfResponseFailed(ErrorHandler.java:156)
	at org.openqa.selenium.remote.RemoteWebDriver.execute(RemoteWebDriver.java:599)
	at org.openqa.selenium.remote.RemoteWebDriver.findElements(RemoteWebDriver.java:377)
	at org.openqa.selenium.remote.RemoteWebDriver.findElementsByXPath(RemoteWebDriver.java:453)
	at org.openqa.selenium.By$ByXPath.findElements(By.java:352)
	at org.openqa.selenium.remote.RemoteWebDriver.findElements(RemoteWebDriver.java:340)
	at org.openqa.selenium.support.ui.ExpectedConditions.findElements(ExpectedConditions.java:745)
	at org.openqa.selenium.support.ui.ExpectedConditions.access$200(ExpectedConditions.java:39)
	at org.openqa.selenium.support.ui.ExpectedConditions$8.apply(ExpectedConditions.java:242)
	at org.openqa.selenium.support.ui.ExpectedConditions$8.apply(ExpectedConditions.java:239)
	at org.openqa.selenium.support.ui.FluentWait.until(FluentWait.java:208)
	at com.erevmax.mysample.Sample.SeleniumImplementation.waitUntilelementDisplayed(SeleniumImplementation.java:249)
	at com.erevmax.mysample.Sample.SeleniumImplementation.findWebElement(SeleniumImplementation.java:217)
	at com.erevmax.mysample.Sample.SeleniumImplementation.click(SeleniumImplementation.java:254)
	at com.erevmax.selenium.RTAdmin.Test_TC03_HotelAddress.HotelAddressSave1(Test_TC03_HotelAddress.java:45)
Caused by: org.openqa.selenium.remote.ErrorHandler$UnknownServerException: [JavaScript Error: "e is null" {file: "file:///C:/Users/shubhamp/AppData/Local/Temp/anonymous1887014706218123020webdriver-profile/extensions/fxdriver@googlecode.com/components/command_processor.js" line: 7716}]'[JavaScript Error: "e is null" {file: "file:///C:/Users/shubhamp/AppData/Local/Temp/anonymous1887014706218123020webdriver-profile/extensions/fxdriver@googlecode.com/components/command_processor.js" line: 7716}]' when calling method: [nsICommandProcessor::execute]
Build info: version: '2.42.2', revision: '6a6995d31c7c56c340d6f45a76976d43506cd6cc', time: '2014-06-03 10:52:47'
System info: host: 'EREV332-PC', ip: '192.168.201.119', os.name: 'Windows 7', os.arch: 'amd64', os.version: '6.1', java.version: '1.7.0_60'
Driver info: driver.version: unknown
... Removed 27 stack frames]]>
    </failure>
  </testcase> <!-- HotelAddressSave1 -->
  <testcase name="HotelRoomCountMandatoryTest" time="4.016" classname="com.erevmax.selenium.RTAdmin.Test_TC03_HotelAddress">
    <failure type="java.lang.NullPointerException" message="null value in entry: name=null">
      <![CDATA[java.lang.NullPointerException: null value in entry: name=null
	at com.google.common.collect.CollectPreconditions.checkEntryNotNull(CollectPreconditions.java:33)
	at com.google.common.collect.SingletonImmutableBiMap.<init>(SingletonImmutableBiMap.java:39)
	at com.google.common.collect.ImmutableBiMap.of(ImmutableBiMap.java:57)
	at com.google.common.collect.ImmutableMap.of(ImmutableMap.java:80)
	at org.openqa.selenium.remote.RemoteWebDriver$RemoteTargetLocator.window(RemoteWebDriver.java:882)
	at com.erevmax.mysample.Sample.SeleniumImplementation.switchToOriginalWindow(SeleniumImplementation.java:513)
	at com.erevmax.selenium.RTAdmin.Test_TC03_HotelAddress.HotelRoomCountMandatoryTest(Test_TC03_HotelAddress.java:88)
... Removed 24 stack frames]]>
    </failure>
  </testcase> <!-- HotelRoomCountMandatoryTest -->
  <testcase name="navigateConfigDetailActionPage" time="0.038" classname="com.erevmax.selenium.RTAdmin.Test_TC04_SubscriptionDetail">
    <failure type="org.openqa.selenium.WebDriverException" message="Session not found: e53ae464-ba0c-456b-b619-3bb1dd4c489e
Command duration or timeout: 36 milliseconds
Build info: version: &amp;apos;2.42.2&amp;apos;, revision: &amp;apos;6a6995d31c7c56c340d6f45a76976d43506cd6cc&amp;apos;, time: &amp;apos;2014-06-03 10:52:47&amp;apos;
System info: host: &amp;apos;EREV332-PC&amp;apos;, ip: &amp;apos;192.168.201.119&amp;apos;, os.name: &amp;apos;Windows 7&amp;apos;, os.arch: &amp;apos;amd64&amp;apos;, os.version: &amp;apos;6.1&amp;apos;, java.version: &amp;apos;1.7.0_60&amp;apos;
Session ID: e53ae464-ba0c-456b-b619-3bb1dd4c489e
Driver info: org.openqa.selenium.firefox.FirefoxDriver
Capabilities [{platform=XP, databaseEnabled=true, cssSelectorsEnabled=true, javascriptEnabled=true, acceptSslCerts=true, handlesAlerts=true, browserName=firefox, webStorageEnabled=true, nativeEvents=false, rotatable=false, locationContextEnabled=true, applicationCacheEnabled=true, takesScreenshot=true, version=31.0}]">
      <![CDATA[org.openqa.selenium.WebDriverException: Session not found: e53ae464-ba0c-456b-b619-3bb1dd4c489e
Command duration or timeout: 36 milliseconds
Build info: version: '2.42.2', revision: '6a6995d31c7c56c340d6f45a76976d43506cd6cc', time: '2014-06-03 10:52:47'
System info: host: 'EREV332-PC', ip: '192.168.201.119', os.name: 'Windows 7', os.arch: 'amd64', os.version: '6.1', java.version: '1.7.0_60'
Session ID: e53ae464-ba0c-456b-b619-3bb1dd4c489e
Driver info: org.openqa.selenium.firefox.FirefoxDriver
Capabilities [{platform=XP, databaseEnabled=true, cssSelectorsEnabled=true, javascriptEnabled=true, acceptSslCerts=true, handlesAlerts=true, browserName=firefox, webStorageEnabled=true, nativeEvents=false, rotatable=false, locationContextEnabled=true, applicationCacheEnabled=true, takesScreenshot=true, version=31.0}]
	at org.openqa.selenium.remote.ErrorHandler.createThrowable(ErrorHandler.java:204)
	at org.openqa.selenium.remote.ErrorHandler.throwIfResponseFailed(ErrorHandler.java:156)
	at org.openqa.selenium.remote.RemoteWebDriver.execute(RemoteWebDriver.java:599)
	at org.openqa.selenium.remote.RemoteWebDriver.findElements(RemoteWebDriver.java:377)
	at org.openqa.selenium.remote.RemoteWebDriver.findElementsByXPath(RemoteWebDriver.java:453)
	at org.openqa.selenium.By$ByXPath.findElements(By.java:352)
	at org.openqa.selenium.remote.RemoteWebDriver.findElements(RemoteWebDriver.java:340)
	at org.openqa.selenium.support.ui.ExpectedConditions.findElements(ExpectedConditions.java:745)
	at org.openqa.selenium.support.ui.ExpectedConditions.access$200(ExpectedConditions.java:39)
	at org.openqa.selenium.support.ui.ExpectedConditions$8.apply(ExpectedConditions.java:242)
	at org.openqa.selenium.support.ui.ExpectedConditions$8.apply(ExpectedConditions.java:239)
	at org.openqa.selenium.support.ui.FluentWait.until(FluentWait.java:208)
	at com.erevmax.mysample.Sample.SeleniumImplementation.waitUntilelementDisplayed(SeleniumImplementation.java:249)
	at com.erevmax.mysample.Sample.SeleniumImplementation.findWebElement(SeleniumImplementation.java:217)
	at com.erevmax.mysample.Sample.SeleniumImplementation.click(SeleniumImplementation.java:254)
	at com.erevmax.selenium.RTAdmin.Test_TC04_SubscriptionDetail.navigateConfigDetailActionPage(Test_TC04_SubscriptionDetail.java:21)
Caused by: org.openqa.selenium.remote.ErrorHandler$UnknownServerException: Session not found: e53ae464-ba0c-456b-b619-3bb1dd4c489e
Build info: version: '2.42.2', revision: '6a6995d31c7c56c340d6f45a76976d43506cd6cc', time: '2014-06-03 10:52:47'
System info: host: 'EREV332-PC', ip: '192.168.201.119', os.name: 'Windows 7', os.arch: 'amd64', os.version: '6.1', java.version: '1.7.0_60'
Driver info: driver.version: unknown
	at <anonymous class>.nsCommandProcessor.prototype.execute(file:///C:/Users/shubhamp/AppData/Local/Temp/anonymous1887014706218123020webdriver-profile/extensions/fxdriver@googlecode.com/components/command_processor.js:11498:9)
	at <anonymous class>.Dispatcher.executeAs/<(file:///C:/Users/shubhamp/AppData/Local/Temp/anonymous1887014706218123020webdriver-profile/extensions/fxdriver@googlecode.com/components/driver_component.js:8287:5)
	at <anonymous class>.Resource.prototype.handle(file:///C:/Users/shubhamp/AppData/Local/Temp/anonymous1887014706218123020webdriver-profile/extensions/fxdriver@googlecode.com/components/driver_component.js:8433:194)
	at <anonymous class>.Dispatcher.prototype.dispatch(file:///C:/Users/shubhamp/AppData/Local/Temp/anonymous1887014706218123020webdriver-profile/extensions/fxdriver@googlecode.com/components/driver_component.js:8380:36)
	at <anonymous class>.WebDriverServer/<.handle(file:///C:/Users/shubhamp/AppData/Local/Temp/anonymous1887014706218123020webdriver-profile/extensions/fxdriver@googlecode.com/components/driver_component.js:11310:5)
	at <anonymous class>.createHandlerFunc/<(file:///C:/Users/shubhamp/AppData/Local/Temp/anonymous1887014706218123020webdriver-profile/extensions/fxdriver@googlecode.com/components/httpd.js:1935:41)
	at <anonymous class>.ServerHandler.prototype.handleResponse(file:///C:/Users/shubhamp/AppData/Local/Temp/anonymous1887014706218123020webdriver-profile/extensions/fxdriver@googlecode.com/components/httpd.js:2261:15)
	at <anonymous class>.Connection.prototype.process(file:///C:/Users/shubhamp/AppData/Local/Temp/anonymous1887014706218123020webdriver-profile/extensions/fxdriver@googlecode.com/components/httpd.js:1168:5)
	at <anonymous class>.RequestReader.prototype._handleResponse(file:///C:/Users/shubhamp/AppData/Local/Temp/anonymous1887014706218123020webdriver-profile/extensions/fxdriver@googlecode.com/components/httpd.js:1616:5)
	at <anonymous class>.RequestReader.prototype._processBody(file:///C:/Users/shubhamp/AppData/Local/Temp/anonymous1887014706218123020webdriver-profile/extensions/fxdriver@googlecode.com/components/httpd.js:1464:9)
	at <anonymous class>.RequestReader.prototype.onInputStreamReady(file:///C:/Users/shubhamp/AppData/Local/Temp/anonymous1887014706218123020webdriver-profile/extensions/fxdriver@googlecode.com/components/httpd.js:1333:9)
... Removed 27 stack frames]]>
    </failure>
  </testcase> <!-- navigateConfigDetailActionPage -->
  <testcase name="SubscriptionDetailsSave1" time="4.013" classname="com.erevmax.selenium.RTAdmin.Test_TC04_SubscriptionDetail">
    <failure type="org.openqa.selenium.WebDriverException" message="Session not found: e53ae464-ba0c-456b-b619-3bb1dd4c489e
Command duration or timeout: 10 milliseconds
Build info: version: &amp;apos;2.42.2&amp;apos;, revision: &amp;apos;6a6995d31c7c56c340d6f45a76976d43506cd6cc&amp;apos;, time: &amp;apos;2014-06-03 10:52:47&amp;apos;
System info: host: &amp;apos;EREV332-PC&amp;apos;, ip: &amp;apos;192.168.201.119&amp;apos;, os.name: &amp;apos;Windows 7&amp;apos;, os.arch: &amp;apos;amd64&amp;apos;, os.version: &amp;apos;6.1&amp;apos;, java.version: &amp;apos;1.7.0_60&amp;apos;
Session ID: e53ae464-ba0c-456b-b619-3bb1dd4c489e
Driver info: org.openqa.selenium.firefox.FirefoxDriver
Capabilities [{platform=XP, databaseEnabled=true, cssSelectorsEnabled=true, javascriptEnabled=true, acceptSslCerts=true, handlesAlerts=true, browserName=firefox, webStorageEnabled=true, nativeEvents=false, rotatable=false, locationContextEnabled=true, applicationCacheEnabled=true, takesScreenshot=true, version=31.0}]">
      <![CDATA[org.openqa.selenium.WebDriverException: Session not found: e53ae464-ba0c-456b-b619-3bb1dd4c489e
Command duration or timeout: 10 milliseconds
Build info: version: '2.42.2', revision: '6a6995d31c7c56c340d6f45a76976d43506cd6cc', time: '2014-06-03 10:52:47'
System info: host: 'EREV332-PC', ip: '192.168.201.119', os.name: 'Windows 7', os.arch: 'amd64', os.version: '6.1', java.version: '1.7.0_60'
Session ID: e53ae464-ba0c-456b-b619-3bb1dd4c489e
Driver info: org.openqa.selenium.firefox.FirefoxDriver
Capabilities [{platform=XP, databaseEnabled=true, cssSelectorsEnabled=true, javascriptEnabled=true, acceptSslCerts=true, handlesAlerts=true, browserName=firefox, webStorageEnabled=true, nativeEvents=false, rotatable=false, locationContextEnabled=true, applicationCacheEnabled=true, takesScreenshot=true, version=31.0}]
	at org.openqa.selenium.remote.ErrorHandler.createThrowable(ErrorHandler.java:204)
	at org.openqa.selenium.remote.ErrorHandler.throwIfResponseFailed(ErrorHandler.java:156)
	at org.openqa.selenium.remote.RemoteWebDriver.execute(RemoteWebDriver.java:599)
	at org.openqa.selenium.remote.RemoteWebDriver.findElements(RemoteWebDriver.java:377)
	at org.openqa.selenium.remote.RemoteWebDriver.findElementsByXPath(RemoteWebDriver.java:453)
	at org.openqa.selenium.By$ByXPath.findElements(By.java:352)
	at org.openqa.selenium.remote.RemoteWebDriver.findElements(RemoteWebDriver.java:340)
	at org.openqa.selenium.support.ui.ExpectedConditions.findElements(ExpectedConditions.java:745)
	at org.openqa.selenium.support.ui.ExpectedConditions.access$200(ExpectedConditions.java:39)
	at org.openqa.selenium.support.ui.ExpectedConditions$8.apply(ExpectedConditions.java:242)
	at org.openqa.selenium.support.ui.ExpectedConditions$8.apply(ExpectedConditions.java:239)
	at org.openqa.selenium.support.ui.FluentWait.until(FluentWait.java:208)
	at com.erevmax.mysample.Sample.SeleniumImplementation.waitUntilelementDisplayed(SeleniumImplementation.java:249)
	at com.erevmax.mysample.Sample.SeleniumImplementation.findWebElement(SeleniumImplementation.java:217)
	at com.erevmax.mysample.Sample.SeleniumImplementation.click(SeleniumImplementation.java:254)
	at com.erevmax.selenium.RTAdmin.Test_TC04_SubscriptionDetail.SubscriptionDetailsSave1(Test_TC04_SubscriptionDetail.java:41)
Caused by: org.openqa.selenium.remote.ErrorHandler$UnknownServerException: Session not found: e53ae464-ba0c-456b-b619-3bb1dd4c489e
Build info: version: '2.42.2', revision: '6a6995d31c7c56c340d6f45a76976d43506cd6cc', time: '2014-06-03 10:52:47'
System info: host: 'EREV332-PC', ip: '192.168.201.119', os.name: 'Windows 7', os.arch: 'amd64', os.version: '6.1', java.version: '1.7.0_60'
Driver info: driver.version: unknown
	at <anonymous class>.nsCommandProcessor.prototype.execute(file:///C:/Users/shubhamp/AppData/Local/Temp/anonymous1887014706218123020webdriver-profile/extensions/fxdriver@googlecode.com/components/command_processor.js:11498:9)
	at <anonymous class>.Dispatcher.executeAs/<(file:///C:/Users/shubhamp/AppData/Local/Temp/anonymous1887014706218123020webdriver-profile/extensions/fxdriver@googlecode.com/components/driver_component.js:8287:5)
	at <anonymous class>.Resource.prototype.handle(file:///C:/Users/shubhamp/AppData/Local/Temp/anonymous1887014706218123020webdriver-profile/extensions/fxdriver@googlecode.com/components/driver_component.js:8433:194)
	at <anonymous class>.Dispatcher.prototype.dispatch(file:///C:/Users/shubhamp/AppData/Local/Temp/anonymous1887014706218123020webdriver-profile/extensions/fxdriver@googlecode.com/components/driver_component.js:8380:36)
	at <anonymous class>.WebDriverServer/<.handle(file:///C:/Users/shubhamp/AppData/Local/Temp/anonymous1887014706218123020webdriver-profile/extensions/fxdriver@googlecode.com/components/driver_component.js:11310:5)
	at <anonymous class>.createHandlerFunc/<(file:///C:/Users/shubhamp/AppData/Local/Temp/anonymous1887014706218123020webdriver-profile/extensions/fxdriver@googlecode.com/components/httpd.js:1935:41)
	at <anonymous class>.ServerHandler.prototype.handleResponse(file:///C:/Users/shubhamp/AppData/Local/Temp/anonymous1887014706218123020webdriver-profile/extensions/fxdriver@googlecode.com/components/httpd.js:2261:15)
	at <anonymous class>.Connection.prototype.process(file:///C:/Users/shubhamp/AppData/Local/Temp/anonymous1887014706218123020webdriver-profile/extensions/fxdriver@googlecode.com/components/httpd.js:1168:5)
	at <anonymous class>.RequestReader.prototype._handleResponse(file:///C:/Users/shubhamp/AppData/Local/Temp/anonymous1887014706218123020webdriver-profile/extensions/fxdriver@googlecode.com/components/httpd.js:1616:5)
	at <anonymous class>.RequestReader.prototype._processBody(file:///C:/Users/shubhamp/AppData/Local/Temp/anonymous1887014706218123020webdriver-profile/extensions/fxdriver@googlecode.com/components/httpd.js:1464:9)
	at <anonymous class>.RequestReader.prototype.onInputStreamReady(file:///C:/Users/shubhamp/AppData/Local/Temp/anonymous1887014706218123020webdriver-profile/extensions/fxdriver@googlecode.com/components/httpd.js:1333:9)
... Removed 27 stack frames]]>
    </failure>
  </testcase> <!-- SubscriptionDetailsSave1 -->
  <testcase name="SubscriptionDetailsSave1" time="4.018" classname="com.erevmax.selenium.RTAdmin.Test_TC04_SubscriptionDetail">
    <failure type="org.openqa.selenium.WebDriverException" message="Session not found: e53ae464-ba0c-456b-b619-3bb1dd4c489e
Command duration or timeout: 10 milliseconds
Build info: version: &amp;apos;2.42.2&amp;apos;, revision: &amp;apos;6a6995d31c7c56c340d6f45a76976d43506cd6cc&amp;apos;, time: &amp;apos;2014-06-03 10:52:47&amp;apos;
System info: host: &amp;apos;EREV332-PC&amp;apos;, ip: &amp;apos;192.168.201.119&amp;apos;, os.name: &amp;apos;Windows 7&amp;apos;, os.arch: &amp;apos;amd64&amp;apos;, os.version: &amp;apos;6.1&amp;apos;, java.version: &amp;apos;1.7.0_60&amp;apos;
Session ID: e53ae464-ba0c-456b-b619-3bb1dd4c489e
Driver info: org.openqa.selenium.firefox.FirefoxDriver
Capabilities [{platform=XP, databaseEnabled=true, cssSelectorsEnabled=true, javascriptEnabled=true, acceptSslCerts=true, handlesAlerts=true, browserName=firefox, webStorageEnabled=true, nativeEvents=false, rotatable=false, locationContextEnabled=true, applicationCacheEnabled=true, takesScreenshot=true, version=31.0}]">
      <![CDATA[org.openqa.selenium.WebDriverException: Session not found: e53ae464-ba0c-456b-b619-3bb1dd4c489e
Command duration or timeout: 10 milliseconds
Build info: version: '2.42.2', revision: '6a6995d31c7c56c340d6f45a76976d43506cd6cc', time: '2014-06-03 10:52:47'
System info: host: 'EREV332-PC', ip: '192.168.201.119', os.name: 'Windows 7', os.arch: 'amd64', os.version: '6.1', java.version: '1.7.0_60'
Session ID: e53ae464-ba0c-456b-b619-3bb1dd4c489e
Driver info: org.openqa.selenium.firefox.FirefoxDriver
Capabilities [{platform=XP, databaseEnabled=true, cssSelectorsEnabled=true, javascriptEnabled=true, acceptSslCerts=true, handlesAlerts=true, browserName=firefox, webStorageEnabled=true, nativeEvents=false, rotatable=false, locationContextEnabled=true, applicationCacheEnabled=true, takesScreenshot=true, version=31.0}]
	at org.openqa.selenium.remote.ErrorHandler.createThrowable(ErrorHandler.java:204)
	at org.openqa.selenium.remote.ErrorHandler.throwIfResponseFailed(ErrorHandler.java:156)
	at org.openqa.selenium.remote.RemoteWebDriver.execute(RemoteWebDriver.java:599)
	at org.openqa.selenium.remote.RemoteWebDriver.findElements(RemoteWebDriver.java:377)
	at org.openqa.selenium.remote.RemoteWebDriver.findElementsByXPath(RemoteWebDriver.java:453)
	at org.openqa.selenium.By$ByXPath.findElements(By.java:352)
	at org.openqa.selenium.remote.RemoteWebDriver.findElements(RemoteWebDriver.java:340)
	at org.openqa.selenium.support.ui.ExpectedConditions.findElements(ExpectedConditions.java:745)
	at org.openqa.selenium.support.ui.ExpectedConditions.access$200(ExpectedConditions.java:39)
	at org.openqa.selenium.support.ui.ExpectedConditions$8.apply(ExpectedConditions.java:242)
	at org.openqa.selenium.support.ui.ExpectedConditions$8.apply(ExpectedConditions.java:239)
	at org.openqa.selenium.support.ui.FluentWait.until(FluentWait.java:208)
	at com.erevmax.mysample.Sample.SeleniumImplementation.waitUntilelementDisplayed(SeleniumImplementation.java:249)
	at com.erevmax.mysample.Sample.SeleniumImplementation.findWebElement(SeleniumImplementation.java:217)
	at com.erevmax.mysample.Sample.SeleniumImplementation.click(SeleniumImplementation.java:254)
	at com.erevmax.selenium.RTAdmin.Test_TC04_SubscriptionDetail.SubscriptionDetailsSave1(Test_TC04_SubscriptionDetail.java:41)
Caused by: org.openqa.selenium.remote.ErrorHandler$UnknownServerException: Session not found: e53ae464-ba0c-456b-b619-3bb1dd4c489e
Build info: version: '2.42.2', revision: '6a6995d31c7c56c340d6f45a76976d43506cd6cc', time: '2014-06-03 10:52:47'
System info: host: 'EREV332-PC', ip: '192.168.201.119', os.name: 'Windows 7', os.arch: 'amd64', os.version: '6.1', java.version: '1.7.0_60'
Driver info: driver.version: unknown
	at <anonymous class>.nsCommandProcessor.prototype.execute(file:///C:/Users/shubhamp/AppData/Local/Temp/anonymous1887014706218123020webdriver-profile/extensions/fxdriver@googlecode.com/components/command_processor.js:11498:9)
	at <anonymous class>.Dispatcher.executeAs/<(file:///C:/Users/shubhamp/AppData/Local/Temp/anonymous1887014706218123020webdriver-profile/extensions/fxdriver@googlecode.com/components/driver_component.js:8287:5)
	at <anonymous class>.Resource.prototype.handle(file:///C:/Users/shubhamp/AppData/Local/Temp/anonymous1887014706218123020webdriver-profile/extensions/fxdriver@googlecode.com/components/driver_component.js:8433:194)
	at <anonymous class>.Dispatcher.prototype.dispatch(file:///C:/Users/shubhamp/AppData/Local/Temp/anonymous1887014706218123020webdriver-profile/extensions/fxdriver@googlecode.com/components/driver_component.js:8380:36)
	at <anonymous class>.WebDriverServer/<.handle(file:///C:/Users/shubhamp/AppData/Local/Temp/anonymous1887014706218123020webdriver-profile/extensions/fxdriver@googlecode.com/components/driver_component.js:11310:5)
	at <anonymous class>.createHandlerFunc/<(file:///C:/Users/shubhamp/AppData/Local/Temp/anonymous1887014706218123020webdriver-profile/extensions/fxdriver@googlecode.com/components/httpd.js:1935:41)
	at <anonymous class>.ServerHandler.prototype.handleResponse(file:///C:/Users/shubhamp/AppData/Local/Temp/anonymous1887014706218123020webdriver-profile/extensions/fxdriver@googlecode.com/components/httpd.js:2261:15)
	at <anonymous class>.Connection.prototype.process(file:///C:/Users/shubhamp/AppData/Local/Temp/anonymous1887014706218123020webdriver-profile/extensions/fxdriver@googlecode.com/components/httpd.js:1168:5)
	at <anonymous class>.RequestReader.prototype._handleResponse(file:///C:/Users/shubhamp/AppData/Local/Temp/anonymous1887014706218123020webdriver-profile/extensions/fxdriver@googlecode.com/components/httpd.js:1616:5)
	at <anonymous class>.RequestReader.prototype._processBody(file:///C:/Users/shubhamp/AppData/Local/Temp/anonymous1887014706218123020webdriver-profile/extensions/fxdriver@googlecode.com/components/httpd.js:1464:9)
	at <anonymous class>.RequestReader.prototype.onInputStreamReady(file:///C:/Users/shubhamp/AppData/Local/Temp/anonymous1887014706218123020webdriver-profile/extensions/fxdriver@googlecode.com/components/httpd.js:1333:9)
... Removed 27 stack frames]]>
    </failure>
  </testcase> <!-- SubscriptionDetailsSave1 -->
  <testcase name="navigateConfigDetailActionPage" time="0.022" classname="com.erevmax.selenium.RTAdmin.Test_TC05_ProductDetail">
    <failure type="org.openqa.selenium.WebDriverException" message="Session not found: e53ae464-ba0c-456b-b619-3bb1dd4c489e
Command duration or timeout: 22 milliseconds
Build info: version: &amp;apos;2.42.2&amp;apos;, revision: &amp;apos;6a6995d31c7c56c340d6f45a76976d43506cd6cc&amp;apos;, time: &amp;apos;2014-06-03 10:52:47&amp;apos;
System info: host: &amp;apos;EREV332-PC&amp;apos;, ip: &amp;apos;192.168.201.119&amp;apos;, os.name: &amp;apos;Windows 7&amp;apos;, os.arch: &amp;apos;amd64&amp;apos;, os.version: &amp;apos;6.1&amp;apos;, java.version: &amp;apos;1.7.0_60&amp;apos;
Session ID: e53ae464-ba0c-456b-b619-3bb1dd4c489e
Driver info: org.openqa.selenium.firefox.FirefoxDriver
Capabilities [{platform=XP, databaseEnabled=true, cssSelectorsEnabled=true, javascriptEnabled=true, acceptSslCerts=true, handlesAlerts=true, browserName=firefox, webStorageEnabled=true, nativeEvents=false, rotatable=false, locationContextEnabled=true, applicationCacheEnabled=true, takesScreenshot=true, version=31.0}]">
      <![CDATA[org.openqa.selenium.WebDriverException: Session not found: e53ae464-ba0c-456b-b619-3bb1dd4c489e
[...]
	at <anonymous class>.Dispatcher.prototype.dispatch(file:///C:/Users/shubhamp/AppData/Local/Temp/anonymous1887014706218123020webdriver-profile/extensions/fxdriver@googlecode.com/components/driver_component.js:8380:36)
	at <anonymous class>.WebDriverServer/<.handle(file:///C:/Users/shubhamp/AppData/Local/Temp/anonymous1887014706218123020webdriver-profile/extensions/fxdriver@googlecode.com/components/driver_component.js:11310:5)
	at <anonymous class>.createHandlerFunc/<(file:///C:/Users/shubhamp/AppData/Local/Temp/anonymous1887014706218123020webdriver-profile/extensions/fxdriver@googlecode.com/components/httpd.js:1935:41)
	at <anonymous class>.ServerHandler.prototype.handleResponse(file:///C:/Users/shubhamp/AppData/Local/Temp/anonymous1887014706218123020webdriver-profile/extensions/fxdriver@googlecode.com/components/httpd.js:2261:15)
	at <anonymous class>.Connection.prototype.process(file:///C:/Users/shubhamp/AppData/Local/Temp/anonymous1887014706218123020webdriver-profile/extensions/fxdriver@googlecode.com/components/httpd.js:1168:5)
	at <anonymous class>.RequestReader.prototype._handleResponse(file:///C:/Users/shubhamp/AppData/Local/Temp/anonymous1887014706218123020webdriver-profile/extensions/fxdriver@googlecode.com/components/httpd.js:1616:5)
	at <anonymous class>.RequestReader.prototype._processBody(file:///C:/Users/shubhamp/AppData/Local/Temp/anonymous1887014706218123020webdriver-profile/extensions/fxdriver@googlecode.com/components/httpd.js:1464:9)
	at <anonymous class>.RequestReader.prototype.onInputStreamReady(file:///C:/Users/shubhamp/AppData/Local/Temp/anonymous1887014706218123020webdriver-profile/extensions/fxdriver@googlecode.com/components/httpd.js:1333:9)
... Removed 27 stack frames]]>
    </failure>
  </testcase> <!-- CCValidationError -->
  <testcase name="navigateConfigDetailActionPage" time="0.01" classname="com.erevmax.selenium.RTAdmin.Test_TC16_Hotelsites">
    <failure type="org.openqa.selenium.WebDriverException" message="Session not found: e53ae464-ba0c-456b-b619-3bb1dd4c489e
Command duration or timeout: 10 milliseconds
Build info: version: &amp;apos;2.42.2&amp;apos;, revision: &amp;apos;6a6995d31c7c56c340d6f45a76976d43506cd6cc&amp;apos;, time: &amp;apos;2014-06-03 10:52:47&amp;apos;
System info: host: &amp;apos;EREV332-PC&amp;apos;, ip: &amp;apos;192.168.201.119&amp;apos;, os.name: &amp;apos;Windows 7&amp;apos;, os.arch: &amp;apos;amd64&amp;apos;, os.version: &amp;apos;6.1&amp;apos;, java.version: &amp;apos;1.7.0_60&amp;apos;
Session ID: e53ae464-ba0c-456b-b619-3bb1dd4c489e
Driver info: org.openqa.selenium.firefox.FirefoxDriver
Capabilities [{platform=XP, databaseEnabled=true, cssSelectorsEnabled=true, javascriptEnabled=true, acceptSslCerts=true, handlesAlerts=true, browserName=firefox, webStorageEnabled=true, nativeEvents=false, rotatable=false, locationContextEnabled=true, applicationCacheEnabled=true, takesScreenshot=true, version=31.0}]">
      <![CDATA[org.openqa.selenium.WebDriverException: Session not found: e53ae464-ba0c-456b-b619-3bb1dd4c489e
Command duration or timeout: 10 milliseconds
Build info: version: '2.42.2', revision: '6a6995d31c7c56c340d6f45a76976d43506cd6cc', time: '2014-06-03 10:52:47'
System info: host: 'EREV332-PC', ip: '192.168.201.119', os.name: 'Windows 7', os.arch: 'amd64', os.version: '6.1', java.version: '1.7.0_60'
Session ID: e53ae464-ba0c-456b-b619-3bb1dd4c489e
Driver info: org.openqa.selenium.firefox.FirefoxDriver
Capabilities [{platform=XP, databaseEnabled=true, cssSelectorsEnabled=true, javascriptEnabled=true, acceptSslCerts=true, handlesAlerts=true, browserName=firefox, webStorageEnabled=true, nativeEvents=false, rotatable=false, locationContextEnabled=true, applicationCacheEnabled=true, takesScreenshot=true, version=31.0}]
	at org.openqa.selenium.remote.ErrorHandler.createThrowable(ErrorHandler.java:204)
	at org.openqa.selenium.remote.ErrorHandler.throwIfResponseFailed(ErrorHandler.java:156)
	at org.openqa.selenium.remote.RemoteWebDriver.execute(RemoteWebDriver.java:599)
	at org.openqa.selenium.remote.RemoteWebDriver.findElements(RemoteWebDriver.java:377)
	at org.openqa.selenium.remote.RemoteWebDriver.findElementsByXPath(RemoteWebDriver.java:453)
	at org.openqa.selenium.By$ByXPath.findElements(By.java:352)
	at org.openqa.selenium.remote.RemoteWebDriver.findElements(RemoteWebDriver.java:340)
	at org.openqa.selenium.support.ui.ExpectedConditions.findElements(ExpectedConditions.java:745)
	at org.openqa.selenium.support.ui.ExpectedConditions.access$200(ExpectedConditions.java:39)
	at org.openqa.selenium.support.ui.ExpectedConditions$8.apply(ExpectedConditions.java:242)
	at org.openqa.selenium.support.ui.ExpectedConditions$8.apply(ExpectedConditions.java:239)
	at org.openqa.selenium.support.ui.FluentWait.until(FluentWait.java:208)
	at com.erevmax.mysample.Sample.SeleniumImplementation.waitUntilelementDisplayed(SeleniumImplementation.java:249)
	at com.erevmax.mysample.Sample.SeleniumImplementation.findWebElement(SeleniumImplementation.java:217)
	at com.erevmax.mysample.Sample.SeleniumImplementation.click(SeleniumImplementation.java:254)
	at com.erevmax.selenium.RTAdmin.Test_TC16_Hotelsites.navigateConfigDetailActionPage(Test_TC16_Hotelsites.java:19)
Caused by: org.openqa.selenium.remote.ErrorHandler$UnknownServerException: Session not found: e53ae464-ba0c-456b-b619-3bb1dd4c489e
Build info: version: '2.42.2', revision: '6a6995d31c7c56c340d6f45a76976d43506cd6cc', time: '2014-06-03 10:52:47'
System info: host: 'EREV332-PC', ip: '192.168.201.119', os.name: 'Windows 7', os.arch: 'amd64', os.version: '6.1', java.version: '1.7.0_60'
Driver info: driver.version: unknown
	at <anonymous class>.nsCommandProcessor.prototype.execute(file:///C:/Users/shubhamp/AppData/Local/Temp/anonymous1887014706218123020webdriver-profile/extensions/fxdriver@googlecode.com/components/command_processor.js:11498:9)
	at <anonymous class>.Dispatcher.executeAs/<(file:///C:/Users/shubhamp/AppData/Local/Temp/anonymous1887014706218123020webdriver-profile/extensions/fxdriver@googlecode.com/components/driver_component.js:8287:5)
	at <anonymous class>.Resource.prototype.handle(file:///C:/Users/shubhamp/AppData/Local/Temp/anonymous1887014706218123020webdriver-profile/extensions/fxdriver@googlecode.com/components/driver_component.js:8433:194)
	at <anonymous class>.Dispatcher.prototype.dispatch(file:///C:/Users/shubhamp/AppData/Local/Temp/anonymous1887014706218123020webdriver-profile/extensions/fxdriver@googlecode.com/components/driver_component.js:8380:36)
	at <anonymous class>.WebDriverServer/<.handle(file:///C:/Users/shubhamp/AppData/Local/Temp/anonymous1887014706218123020webdriver-profile/extensions/fxdriver@googlecode.com/components/driver_component.js:11310:5)
	at <anonymous class>.createHandlerFunc/<(file:///C:/Users/shubhamp/AppData/Local/Temp/anonymous1887014706218123020webdriver-profile/extensions/fxdriver@googlecode.com/components/httpd.js:1935:41)
	at <anonymous class>.ServerHandler.prototype.handleResponse(file:///C:/Users/shubhamp/AppData/Local/Temp/anonymous1887014706218123020webdriver-profile/extensions/fxdriver@googlecode.com/components/httpd.js:2261:15)
	at <anonymous class>.Connection.prototype.process(file:///C:/Users/shubhamp/AppData/Local/Temp/anonymous1887014706218123020webdriver-profile/extensions/fxdriver@googlecode.com/components/httpd.js:1168:5)
	at <anonymous class>.RequestReader.prototype._handleResponse(file:///C:/Users/shubhamp/AppData/Local/Temp/anonymous1887014706218123020webdriver-profile/extensions/fxdriver@googlecode.com/components/httpd.js:1616:5)
	at <anonymous class>.RequestReader.prototype._processBody(file:///C:/Users/shubhamp/AppData/Local/Temp/anonymous1887014706218123020webdriver-profile/extensions/fxdriver@googlecode.com/components/httpd.js:1464:9)
	at <anonymous class>.RequestReader.prototype.onInputStreamReady(file:///C:/Users/shubhamp/AppData/Local/Temp/anonymous1887014706218123020webdriver-profile/extensions/fxdriver@googlecode.com/components/httpd.js:1333:9)
... Removed 27 stack frames]]>
    </failure>
  </testcase> <!-- navigateConfigDetailActionPage -->
  <testcase name="HotelSiteViewTest" time="5.014" classname="com.erevmax.selenium.RTAdmin.Test_TC16_Hotelsites">
    <failure type="org.openqa.selenium.WebDriverException" message="Session not found: e53ae464-ba0c-456b-b619-3bb1dd4c489e
Command duration or timeout: 10 milliseconds
Build info: version: &amp;apos;2.42.2&amp;apos;, revision: &amp;apos;6a6995d31c7c56c340d6f45a76976d43506cd6cc&amp;apos;, time: &amp;apos;2014-06-03 10:52:47&amp;apos;
System info: host: &amp;apos;EREV332-PC&amp;apos;, ip: &amp;apos;192.168.201.119&amp;apos;, os.name: &amp;apos;Windows 7&amp;apos;, os.arch: &amp;apos;amd64&amp;apos;, os.version: &amp;apos;6.1&amp;apos;, java.version: &amp;apos;1.7.0_60&amp;apos;
Session ID: e53ae464-ba0c-456b-b619-3bb1dd4c489e
Driver info: org.openqa.selenium.firefox.FirefoxDriver
Capabilities [{platform=XP, databaseEnabled=true, cssSelectorsEnabled=true, javascriptEnabled=true, acceptSslCerts=true, handlesAlerts=true, browserName=firefox, webStorageEnabled=true, nativeEvents=false, rotatable=false, locationContextEnabled=true, applicationCacheEnabled=true, takesScreenshot=true, version=31.0}]">
      <![CDATA[org.openqa.selenium.WebDriverException: Session not found: e53ae464-ba0c-456b-b619-3bb1dd4c489e
Command duration or timeout: 10 milliseconds
Build info: version: '2.42.2', revision: '6a6995d31c7c56c340d6f45a76976d43506cd6cc', time: '2014-06-03 10:52:47'
System info: host: 'EREV332-PC', ip: '192.168.201.119', os.name: 'Windows 7', os.arch: 'amd64', os.version: '6.1', java.version: '1.7.0_60'
Session ID: e53ae464-ba0c-456b-b619-3bb1dd4c489e
Driver info: org.openqa.selenium.firefox.FirefoxDriver
Capabilities [{platform=XP, databaseEnabled=true, cssSelectorsEnabled=true, javascriptEnabled=true, acceptSslCerts=true, handlesAlerts=true, browserName=firefox, webStorageEnabled=true, nativeEvents=false, rotatable=false, locationContextEnabled=true, applicationCacheEnabled=true, takesScreenshot=true, version=31.0}]
	at org.openqa.selenium.remote.ErrorHandler.createThrowable(ErrorHandler.java:204)
	at org.openqa.selenium.remote.ErrorHandler.throwIfResponseFailed(ErrorHandler.java:156)
	at org.openqa.selenium.remote.RemoteWebDriver.execute(RemoteWebDriver.java:599)
	at org.openqa.selenium.remote.RemoteWebDriver.findElement(RemoteWebDriver.java:352)
	at org.openqa.selenium.remote.RemoteWebDriver.findElementByXPath(RemoteWebDriver.java:449)
	at org.openqa.selenium.By$ByXPath.findElement(By.java:357)
	at org.openqa.selenium.remote.RemoteWebDriver.findElement(RemoteWebDriver.java:344)
	at org.openqa.selenium.support.ui.ExpectedConditions.findElement(ExpectedConditions.java:730)
	at org.openqa.selenium.support.ui.ExpectedConditions.access$000(ExpectedConditions.java:39)
	at org.openqa.selenium.support.ui.ExpectedConditions$4.apply(ExpectedConditions.java:130)
	at org.openqa.selenium.support.ui.ExpectedConditions$4.apply(ExpectedConditions.java:126)
	at org.openqa.selenium.support.ui.FluentWait.until(FluentWait.java:208)
	at com.erevmax.selenium.RTAdmin.Test_TC16_Hotelsites.HotelSiteViewTest(Test_TC16_Hotelsites.java:37)
Caused by: org.openqa.selenium.remote.ErrorHandler$UnknownServerException: Session not found: e53ae464-ba0c-456b-b619-3bb1dd4c489e
Build info: version: '2.42.2', revision: '6a6995d31c7c56c340d6f45a76976d43506cd6cc', time: '2014-06-03 10:52:47'
System info: host: 'EREV332-PC', ip: '192.168.201.119', os.name: 'Windows 7', os.arch: 'amd64', os.version: '6.1', java.version: '1.7.0_60'
Driver info: driver.version: unknown
	at <anonymous class>.nsCommandProcessor.prototype.execute(file:///C:/Users/shubhamp/AppData/Local/Temp/anonymous1887014706218123020webdriver-profile/extensions/fxdriver@googlecode.com/components/command_processor.js:11498:9)
	at <anonymous class>.Dispatcher.executeAs/<(file:///C:/Users/shubhamp/AppData/Local/Temp/anonymous1887014706218123020webdriver-profile/extensions/fxdriver@googlecode.com/components/driver_component.js:8287:5)
	at <anonymous class>.Resource.prototype.handle(file:///C:/Users/shubhamp/AppData/Local/Temp/anonymous1887014706218123020webdriver-profile/extensions/fxdriver@googlecode.com/components/driver_component.js:8433:194)
	at <anonymous class>.Dispatcher.prototype.dispatch(file:///C:/Users/shubhamp/AppData/Local/Temp/anonymous1887014706218123020webdriver-profile/extensions/fxdriver@googlecode.com/components/driver_component.js:8380:36)
	at <anonymous class>.WebDriverServer/<.handle(file:///C:/Users/shubhamp/AppData/Local/Temp/anonymous1887014706218123020webdriver-profile/extensions/fxdriver@googlecode.com/components/driver_component.js:11310:5)
	at <anonymous class>.createHandlerFunc/<(file:///C:/Users/shubhamp/AppData/Local/Temp/anonymous1887014706218123020webdriver-profile/extensions/fxdriver@googlecode.com/components/httpd.js:1935:41)
	at <anonymous class>.ServerHandler.prototype.handleResponse(file:///C:/Users/shubhamp/AppData/Local/Temp/anonymous1887014706218123020webdriver-profile/extensions/fxdriver@googlecode.com/components/httpd.js:2261:15)
	at <anonymous class>.Connection.prototype.process(file:///C:/Users/shubhamp/AppData/Local/Temp/anonymous1887014706218123020webdriver-profile/extensions/fxdriver@googlecode.com/components/httpd.js:1168:5)
	at <anonymous class>.RequestReader.prototype._handleResponse(file:///C:/Users/shubhamp/AppData/Local/Temp/anonymous1887014706218123020webdriver-profile/extensions/fxdriver@googlecode.com/components/httpd.js:1616:5)
	at <anonymous class>.RequestReader.prototype._processBody(file:///C:/Users/shubhamp/AppData/Local/Temp/anonymous1887014706218123020webdriver-profile/extensions/fxdriver@googlecode.com/components/httpd.js:1464:9)
	at <anonymous class>.RequestReader.prototype.onInputStreamReady(file:///C:/Users/shubhamp/AppData/Local/Temp/anonymous1887014706218123020webdriver-profile/extensions/fxdriver@googlecode.com/components/httpd.js:1333:9)
... Removed 27 stack frames]]>
    </failure>
  </testcase> <!-- HotelSiteViewTest -->
  <testcase name="ShoppingPrefSaveTest" time="5.016" classname="com.erevmax.selenium.RTAdmin.Test_TC16_Hotelsites">
    <failure type="org.openqa.selenium.WebDriverException" message="Session not found: e53ae464-ba0c-456b-b619-3bb1dd4c489e
Command duration or timeout: 10 milliseconds
Build info: version: &amp;apos;2.42.2&amp;apos;, revision: &amp;apos;6a6995d31c7c56c340d6f45a76976d43506cd6cc&amp;apos;, time: &amp;apos;2014-06-03 10:52:47&amp;apos;
System info: host: &amp;apos;EREV332-PC&amp;apos;, ip: &amp;apos;192.168.201.119&amp;apos;, os.name: &amp;apos;Windows 7&amp;apos;, os.arch: &amp;apos;amd64&amp;apos;, os.version: &amp;apos;6.1&amp;apos;, java.version: &amp;apos;1.7.0_60&amp;apos;
Session ID: e53ae464-ba0c-456b-b619-3bb1dd4c489e
Driver info: org.openqa.selenium.firefox.FirefoxDriver
Capabilities [{platform=XP, databaseEnabled=true, cssSelectorsEnabled=true, javascriptEnabled=true, acceptSslCerts=true, handlesAlerts=true, browserName=firefox, webStorageEnabled=true, nativeEvents=false, rotatable=false, locationContextEnabled=true, applicationCacheEnabled=true, takesScreenshot=true, version=31.0}]">
      <![CDATA[org.openqa.selenium.WebDriverException: Session not found: e53ae464-ba0c-456b-b619-3bb1dd4c489e
Command duration or timeout: 10 milliseconds
Build info: version: '2.42.2', revision: '6a6995d31c7c56c340d6f45a76976d43506cd6cc', time: '2014-06-03 10:52:47'
System info: host: 'EREV332-PC', ip: '192.168.201.119', os.name: 'Windows 7', os.arch: 'amd64', os.version: '6.1', java.version: '1.7.0_60'
Session ID: e53ae464-ba0c-456b-b619-3bb1dd4c489e
Driver info: org.openqa.selenium.firefox.FirefoxDriver
Capabilities [{platform=XP, databaseEnabled=true, cssSelectorsEnabled=true, javascriptEnabled=true, acceptSslCerts=true, handlesAlerts=true, browserName=firefox, webStorageEnabled=true, nativeEvents=false, rotatable=false, locationContextEnabled=true, applicationCacheEnabled=true, takesScreenshot=true, version=31.0}]
	at org.openqa.selenium.remote.ErrorHandler.createThrowable(ErrorHandler.java:204)
	at org.openqa.selenium.remote.ErrorHandler.throwIfResponseFailed(ErrorHandler.java:156)
	at org.openqa.selenium.remote.RemoteWebDriver.execute(RemoteWebDriver.java:599)
	at org.openqa.selenium.remote.RemoteWebDriver.findElement(RemoteWebDriver.java:352)
	at org.openqa.selenium.remote.RemoteWebDriver.findElementByXPath(RemoteWebDriver.java:449)
	at org.openqa.selenium.By$ByXPath.findElement(By.java:357)
	at org.openqa.selenium.remote.RemoteWebDriver.findElement(RemoteWebDriver.java:344)
	at org.openqa.selenium.support.ui.ExpectedConditions.findElement(ExpectedConditions.java:730)
	at org.openqa.selenium.support.ui.ExpectedConditions.access$000(ExpectedConditions.java:39)
	at org.openqa.selenium.support.ui.ExpectedConditions$4.apply(ExpectedConditions.java:130)
	at org.openqa.selenium.support.ui.ExpectedConditions$4.apply(ExpectedConditions.java:126)
	at org.openqa.selenium.support.ui.FluentWait.until(FluentWait.java:208)
	at com.erevmax.selenium.RTAdmin.Test_TC16_Hotelsites.ShoppingPrefSaveTest(Test_TC16_Hotelsites.java:119)
Caused by: org.openqa.selenium.remote.ErrorHandler$UnknownServerException: Session not found: e53ae464-ba0c-456b-b619-3bb1dd4c489e
Build info: version: '2.42.2', revision: '6a6995d31c7c56c340d6f45a76976d43506cd6cc', time: '2014-06-03 10:52:47'
System info: host: 'EREV332-PC', ip: '192.168.201.119', os.name: 'Windows 7', os.arch: 'amd64', os.version: '6.1', java.version: '1.7.0_60'
Driver info: driver.version: unknown
	at <anonymous class>.nsCommandProcessor.prototype.execute(file:///C:/Users/shubhamp/AppData/Local/Temp/anonymous1887014706218123020webdriver-profile/extensions/fxdriver@googlecode.com/components/command_processor.js:11498:9)
	at <anonymous class>.Dispatcher.executeAs/<(file:///C:/Users/shubhamp/AppData/Local/Temp/anonymous1887014706218123020webdriver-profile/extensions/fxdriver@googlecode.com/components/driver_component.js:8287:5)
	at <anonymous class>.Resource.prototype.handle(file:///C:/Users/shubhamp/AppData/Local/Temp/anonymous1887014706218123020webdriver-profile/extensions/fxdriver@googlecode.com/components/driver_component.js:8433:194)
	at <anonymous class>.Dispatcher.prototype.dispatch(file:///C:/Users/shubhamp/AppData/Local/Temp/anonymous1887014706218123020webdriver-profile/extensions/fxdriver@googlecode.com/components/driver_component.js:8380:36)
	at <anonymous class>.WebDriverServer/<.handle(file:///C:/Users/shubhamp/AppData/Local/Temp/anonymous1887014706218123020webdriver-profile/extensions/fxdriver@googlecode.com/components/driver_component.js:11310:5)
	at <anonymous class>.createHandlerFunc/<(file:///C:/Users/shubhamp/AppData/Local/Temp/anonymous1887014706218123020webdriver-profile/extensions/fxdriver@googlecode.com/components/httpd.js:1935:41)
	at <anonymous class>.ServerHandler.prototype.handleResponse(file:///C:/Users/shubhamp/AppData/Local/Temp/anonymous1887014706218123020webdriver-profile/extensions/fxdriver@googlecode.com/components/httpd.js:2261:15)
	at <anonymous class>.Connection.prototype.process(file:///C:/Users/shubhamp/AppData/Local/Temp/anonymous1887014706218123020webdriver-profile/extensions/fxdriver@googlecode.com/components/httpd.js:1168:5)
	at <anonymous class>.RequestReader.prototype._handleResponse(file:///C:/Users/shubhamp/AppData/Local/Temp/anonymous1887014706218123020webdriver-profile/extensions/fxdriver@googlecode.com/components/httpd.js:1616:5)
	at <anonymous class>.RequestReader.prototype._processBody(file:///C:/Users/shubhamp/AppData/Local/Temp/anonymous1887014706218123020webdriver-profile/extensions/fxdriver@googlecode.com/components/httpd.js:1464:9)
	at <anonymous class>.RequestReader.prototype.onInputStreamReady(file:///C:/Users/shubhamp/AppData/Local/Temp/anonymous1887014706218123020webdriver-profile/extensions/fxdriver@googlecode.com/components/httpd.js:1333:9)
... Removed 27 stack frames]]>
    </failure>
  </testcase> <!-- ShoppingPrefSaveTest -->
</testsuite> <!-- Demo Test -->
